

Microchip MPLAB XC8 Assembler V2.32 build 20210201212658 
                                                                                               Wed Jul 21 10:21:21 2021

Microchip MPLAB XC8 C Compiler v2.32 (Free license) build 20210201212658 Og1 
     1                           	processor	16F887
     2                           	pagewidth 120
     3                           	opt	flic
     4                           	psect	idataBANK0,global,class=CODE,delta=2,noexec
     5                           	psect	cinit,global,class=CODE,merge=1,delta=2
     6                           	psect	bssCOMMON,global,class=COMMON,space=1,delta=1,noexec
     7                           	psect	bssBANK0,global,class=BANK0,space=1,delta=1,noexec
     8                           	psect	dataBANK0,global,class=BANK0,space=1,delta=1,noexec
     9                           	psect	inittext,global,class=CODE,delta=2
    10                           	psect	cstackCOMMON,global,class=COMMON,space=1,delta=1,noexec
    11                           	psect	cstackBANK0,global,class=BANK0,space=1,delta=1,noexec
    12                           	psect	maintext,global,class=CODE,split=1,delta=2
    13                           	psect	text1,local,class=CODE,merge=1,delta=2
    14                           	psect	intentry,global,class=CODE,delta=2
    15                           	psect	text2,local,class=CODE,merge=1,delta=2
    16                           	psect	text3,local,class=CODE,merge=1,delta=2
    17                           	psect	config,global,abs,ovrld,class=CONFIG,space=4,delta=2,noexec
    18                           	dabs	1,0x7E,2
    19  0000                     
    20                           ; Version 2.20
    21                           ; Generated 12/02/2020 GMT
    22                           ; 
    23                           ; Copyright © 2020, Microchip Technology Inc. and its subsidiaries ("Microchip")
    24                           ; All rights reserved.
    25                           ; 
    26                           ; This software is developed by Microchip Technology Inc. and its subsidiaries ("Microch
      +                          ip").
    27                           ; 
    28                           ; Redistribution and use in source and binary forms, with or without modification, are
    29                           ; permitted provided that the following conditions are met:
    30                           ; 
    31                           ;     1. Redistributions of source code must retain the above copyright notice, this lis
      +                          t of
    32                           ;        conditions and the following disclaimer.
    33                           ; 
    34                           ;     2. Redistributions in binary form must reproduce the above copyright notice, this 
      +                          list
    35                           ;        of conditions and the following disclaimer in the documentation and/or other
    36                           ;        materials provided with the distribution.
    37                           ; 
    38                           ;     3. Microchip's name may not be used to endorse or promote products derived from th
      +                          is
    39                           ;        software without specific prior written permission.
    40                           ; 
    41                           ; THIS SOFTWARE IS PROVIDED BY MICROCHIP "AS IS" AND ANY EXPRESS OR IMPLIED WARRANTIES,
    42                           ; INCLUDING, BUT NOT LIMITED TO, THE IMPLIED WARRANTIES OF MERCHANTABILITY AND FITNESS F
      +                          OR
    43                           ; PURPOSE ARE DISCLAIMED.  IN NO EVENT SHALL MICROCHIP BE LIABLE FOR ANY DIRECT, INDIREC
      +                          T,
    44                           ; INCIDENTAL, SPECIAL, EXEMPLARY, OR CONSEQUENTIAL DAMAGES (INCLUDING BUT NOT LIMITED TO
    45                           ; PROCUREMENT OF SUBSTITUTE GOODS OR SERVICES; LOSS OF USE, DATA OR PROFITS; OR BUSINESS
    46                           ; INTERRUPTION) HOWSOEVER CAUSED AND ON ANY THEORY OF LIABILITY, WHETHER IN CONTRACT, ST
      +                          RICT
    47                           ; LIABILITY, OR TORT (INCLUDING NEGLIGENCE OR OTHERWISE) ARISING IN ANY WAY OUT OF THE U
      +                          SE OF
    48                           ; THIS SOFTWARE, EVEN IF ADVISED OF THE POSSIBILITY OF SUCH DAMAGE.
    49                           ; 
    50                           ; 
    51                           ; Code-generator required, PIC16F887 Definitions
    52                           ; 
    53                           ; SFR Addresses
    54  0000                     	;# 
    55  0001                     	;# 
    56  0002                     	;# 
    57  0003                     	;# 
    58  0004                     	;# 
    59  0005                     	;# 
    60  0006                     	;# 
    61  0007                     	;# 
    62  0008                     	;# 
    63  0009                     	;# 
    64  000A                     	;# 
    65  000B                     	;# 
    66  000C                     	;# 
    67  000D                     	;# 
    68  000E                     	;# 
    69  000E                     	;# 
    70  000F                     	;# 
    71  0010                     	;# 
    72  0011                     	;# 
    73  0012                     	;# 
    74  0013                     	;# 
    75  0014                     	;# 
    76  0015                     	;# 
    77  0015                     	;# 
    78  0016                     	;# 
    79  0017                     	;# 
    80  0018                     	;# 
    81  0019                     	;# 
    82  001A                     	;# 
    83  001B                     	;# 
    84  001B                     	;# 
    85  001C                     	;# 
    86  001D                     	;# 
    87  001E                     	;# 
    88  001F                     	;# 
    89  0081                     	;# 
    90  0085                     	;# 
    91  0086                     	;# 
    92  0087                     	;# 
    93  0088                     	;# 
    94  0089                     	;# 
    95  008C                     	;# 
    96  008D                     	;# 
    97  008E                     	;# 
    98  008F                     	;# 
    99  0090                     	;# 
   100  0091                     	;# 
   101  0092                     	;# 
   102  0093                     	;# 
   103  0093                     	;# 
   104  0093                     	;# 
   105  0094                     	;# 
   106  0095                     	;# 
   107  0096                     	;# 
   108  0097                     	;# 
   109  0098                     	;# 
   110  0099                     	;# 
   111  009A                     	;# 
   112  009B                     	;# 
   113  009C                     	;# 
   114  009D                     	;# 
   115  009E                     	;# 
   116  009F                     	;# 
   117  0105                     	;# 
   118  0107                     	;# 
   119  0108                     	;# 
   120  0109                     	;# 
   121  010C                     	;# 
   122  010C                     	;# 
   123  010D                     	;# 
   124  010E                     	;# 
   125  010F                     	;# 
   126  0185                     	;# 
   127  0187                     	;# 
   128  0188                     	;# 
   129  0189                     	;# 
   130  018C                     	;# 
   131  018D                     	;# 
   132  0000                     	;# 
   133  0001                     	;# 
   134  0002                     	;# 
   135  0003                     	;# 
   136  0004                     	;# 
   137  0005                     	;# 
   138  0006                     	;# 
   139  0007                     	;# 
   140  0008                     	;# 
   141  0009                     	;# 
   142  000A                     	;# 
   143  000B                     	;# 
   144  000C                     	;# 
   145  000D                     	;# 
   146  000E                     	;# 
   147  000E                     	;# 
   148  000F                     	;# 
   149  0010                     	;# 
   150  0011                     	;# 
   151  0012                     	;# 
   152  0013                     	;# 
   153  0014                     	;# 
   154  0015                     	;# 
   155  0015                     	;# 
   156  0016                     	;# 
   157  0017                     	;# 
   158  0018                     	;# 
   159  0019                     	;# 
   160  001A                     	;# 
   161  001B                     	;# 
   162  001B                     	;# 
   163  001C                     	;# 
   164  001D                     	;# 
   165  001E                     	;# 
   166  001F                     	;# 
   167  0081                     	;# 
   168  0085                     	;# 
   169  0086                     	;# 
   170  0087                     	;# 
   171  0088                     	;# 
   172  0089                     	;# 
   173  008C                     	;# 
   174  008D                     	;# 
   175  008E                     	;# 
   176  008F                     	;# 
   177  0090                     	;# 
   178  0091                     	;# 
   179  0092                     	;# 
   180  0093                     	;# 
   181  0093                     	;# 
   182  0093                     	;# 
   183  0094                     	;# 
   184  0095                     	;# 
   185  0096                     	;# 
   186  0097                     	;# 
   187  0098                     	;# 
   188  0099                     	;# 
   189  009A                     	;# 
   190  009B                     	;# 
   191  009C                     	;# 
   192  009D                     	;# 
   193  009E                     	;# 
   194  009F                     	;# 
   195  0105                     	;# 
   196  0107                     	;# 
   197  0108                     	;# 
   198  0109                     	;# 
   199  010C                     	;# 
   200  010C                     	;# 
   201  010D                     	;# 
   202  010E                     	;# 
   203  010F                     	;# 
   204  0185                     	;# 
   205  0187                     	;# 
   206  0188                     	;# 
   207  0189                     	;# 
   208  018C                     	;# 
   209  018D                     	;# 
   210  0000                     	;# 
   211  0001                     	;# 
   212  0002                     	;# 
   213  0003                     	;# 
   214  0004                     	;# 
   215  0005                     	;# 
   216  0006                     	;# 
   217  0007                     	;# 
   218  0008                     	;# 
   219  0009                     	;# 
   220  000A                     	;# 
   221  000B                     	;# 
   222  000C                     	;# 
   223  000D                     	;# 
   224  000E                     	;# 
   225  000E                     	;# 
   226  000F                     	;# 
   227  0010                     	;# 
   228  0011                     	;# 
   229  0012                     	;# 
   230  0013                     	;# 
   231  0014                     	;# 
   232  0015                     	;# 
   233  0015                     	;# 
   234  0016                     	;# 
   235  0017                     	;# 
   236  0018                     	;# 
   237  0019                     	;# 
   238  001A                     	;# 
   239  001B                     	;# 
   240  001B                     	;# 
   241  001C                     	;# 
   242  001D                     	;# 
   243  001E                     	;# 
   244  001F                     	;# 
   245  0081                     	;# 
   246  0085                     	;# 
   247  0086                     	;# 
   248  0087                     	;# 
   249  0088                     	;# 
   250  0089                     	;# 
   251  008C                     	;# 
   252  008D                     	;# 
   253  008E                     	;# 
   254  008F                     	;# 
   255  0090                     	;# 
   256  0091                     	;# 
   257  0092                     	;# 
   258  0093                     	;# 
   259  0093                     	;# 
   260  0093                     	;# 
   261  0094                     	;# 
   262  0095                     	;# 
   263  0096                     	;# 
   264  0097                     	;# 
   265  0098                     	;# 
   266  0099                     	;# 
   267  009A                     	;# 
   268  009B                     	;# 
   269  009C                     	;# 
   270  009D                     	;# 
   271  009E                     	;# 
   272  009F                     	;# 
   273  0105                     	;# 
   274  0107                     	;# 
   275  0108                     	;# 
   276  0109                     	;# 
   277  010C                     	;# 
   278  010C                     	;# 
   279  010D                     	;# 
   280  010E                     	;# 
   281  010F                     	;# 
   282  0185                     	;# 
   283  0187                     	;# 
   284  0188                     	;# 
   285  0189                     	;# 
   286  018C                     	;# 
   287  018D                     	;# 
   288                           
   289                           	psect	idataBANK0
   290  0135                     __pidataBANK0:
   291                           
   292                           ;initializer for Tabla_Display@F1266
   293  0135  343F               	retlw	63
   294  0136  3406               	retlw	6
   295  0137  345B               	retlw	91
   296  0138  344F               	retlw	79
   297  0139  3466               	retlw	102
   298  013A  346D               	retlw	109
   299  013B  347D               	retlw	125
   300  013C  3407               	retlw	7
   301  013D  347F               	retlw	127
   302  013E  3467               	retlw	103
   303  013F  3477               	retlw	119
   304  0140  347C               	retlw	124
   305  0141  3439               	retlw	57
   306  0142  345E               	retlw	94
   307  0143  3479               	retlw	121
   308  0144  3471               	retlw	113
   309                           
   310                           ;initializer for _Valor_TMR0
   311  0145  3464               	retlw	100
   312  001E                     _ADRESH	set	30
   313  0009                     _PORTE	set	9
   314  0006                     _PORTBbits	set	6
   315  0005                     _PORTA	set	5
   316  000B                     _INTCON	set	11
   317  001F                     _ADCON0bits	set	31
   318  0008                     _PORTD	set	8
   319  0007                     _PORTC	set	7
   320  0001                     _TMR0	set	1
   321  004A                     _RE2	set	74
   322  0066                     _ADIF	set	102
   323  0031                     _RB1	set	49
   324  0030                     _RB0	set	48
   325  0058                     _RBIF	set	88
   326  0049                     _RE1	set	73
   327  0048                     _RE0	set	72
   328  005A                     _T0IF	set	90
   329  0089                     _TRISE	set	137
   330  0088                     _TRISD	set	136
   331  0087                     _TRISC	set	135
   332  0086                     _TRISB	set	134
   333  0085                     _TRISA	set	133
   334  0095                     _WPUBbits	set	149
   335  0081                     _OPTION_REGbits	set	129
   336  009F                     _ADCON1bits	set	159
   337  008C                     _PIE1bits	set	140
   338  04B1                     _IOCB1	set	1201
   339  04B0                     _IOCB0	set	1200
   340  040B                     _PSA	set	1035
   341  040D                     _T0CS	set	1037
   342  040A                     _PS2	set	1034
   343  0409                     _PS1	set	1033
   344  0408                     _PS0	set	1032
   345  047E                     _IRCF2	set	1150
   346  047D                     _IRCF1	set	1149
   347  047C                     _IRCF0	set	1148
   348  0189                     _ANSELH	set	393
   349  0188                     _ANSEL	set	392
   350                           
   351                           	psect	cinit
   352  0011                     start_initialization:	
   353                           ; #config settings
   354                           
   355  0011                     __initialization:
   356                           
   357                           ; Initialize objects allocated to BANK0
   358  0011  1383               	bcf	3,7	;select IRP bank0
   359  0012  3043               	movlw	low (__pdataBANK0+17)
   360  0013  00FD               	movwf	btemp+-1
   361  0014  3001               	movlw	high __pidataBANK0
   362  0015  00FE               	movwf	btemp
   363  0016  3035               	movlw	low __pidataBANK0
   364  0017  00FF               	movwf	btemp+1
   365  0018  3032               	movlw	low __pdataBANK0
   366  0019  0084               	movwf	4
   367  001A  120A  118A  2126  120A  118A  	fcall	init_ram0
   368                           
   369                           ; Clear objects allocated to BANK0
   370  001F  01C3               	clrf	__pbssBANK0& (0+127)
   371  0020  01C4               	clrf	(__pbssBANK0+1)& (0+127)
   372  0021  01C5               	clrf	(__pbssBANK0+2)& (0+127)
   373                           
   374                           ; Clear objects allocated to COMMON
   375  0022  01F9               	clrf	__pbssCOMMON& (0+127)
   376  0023  01FA               	clrf	(__pbssCOMMON+1)& (0+127)
   377  0024  01FB               	clrf	(__pbssCOMMON+2)& (0+127)
   378  0025  01FC               	clrf	(__pbssCOMMON+3)& (0+127)
   379  0026  01FD               	clrf	(__pbssCOMMON+4)& (0+127)
   380  0027                     end_of_initialization:	
   381                           ;End of C runtime variable initialization code
   382                           
   383  0027                     __end_of__initialization:
   384  0027  0183               	clrf	3
   385  0028  120A  118A  28AF   	ljmp	_main	;jump to C main() function
   386                           
   387                           	psect	bssCOMMON
   388  0079                     __pbssCOMMON:
   389  0079                     _Comparador_PORTB:
   390  0079                     	ds	3
   391  007C                     _Boton_1:
   392  007C                     	ds	1
   393  007D                     _Boton_0:
   394  007D                     	ds	1
   395                           
   396                           	psect	bssBANK0
   397  0043                     __pbssBANK0:
   398  0043                     _Nibbler_L:
   399  0043                     	ds	1
   400  0044                     _Nibbler_H:
   401  0044                     	ds	1
   402  0045                     _Valor_ADC:
   403  0045                     	ds	1
   404                           
   405                           	psect	dataBANK0
   406  0032                     __pdataBANK0:
   407  0032                     Tabla_Display@F1266:
   408  0032                     	ds	16
   409  0042                     _Valor_TMR0:
   410  0042                     	ds	1
   411                           
   412                           	psect	inittext
   413  0122                     init_fetch0:	
   414                           ;	Called with low address in FSR and high address in W
   415                           
   416  0122  087E               	movf	btemp,w
   417  0123  008A               	movwf	10
   418  0124  087F               	movf	btemp+1,w
   419  0125  0082               	movwf	2
   420  0126                     init_ram0:	
   421                           ;Called with:
   422                           ;	high address of idata address in btemp 
   423                           ;	low address of idata address in btemp+1 
   424                           ;	low address of data in FSR
   425                           ;	high address + 1 of data in btemp-1
   426                           
   427  0126  120A  118A  2122  120A  118A  	fcall	init_fetch0
   428  012B  0080               	movwf	0
   429  012C  0A84               	incf	4,f
   430  012D  0804               	movf	4,w
   431  012E  067D               	xorwf	btemp+-1,w
   432  012F  1903               	btfsc	3,2
   433  0130  3400               	retlw	0
   434  0131  0AFF               	incf	btemp+1,f
   435  0132  1903               	btfsc	3,2
   436  0133  0AFE               	incf	btemp,f
   437  0134  2926               	goto	init_ram0
   438                           
   439                           	psect	cstackCOMMON
   440  0070                     __pcstackCOMMON:
   441  0070                     ?_Tabla_Display:
   442  0070                     ??_Tabla_Display:	
   443                           ; 1 bytes @ 0x0
   444                           
   445  0070                     ?_ADC_Valor:	
   446                           ; 1 bytes @ 0x0
   447                           
   448  0070                     ??_ADC_Valor:	
   449                           ; 1 bytes @ 0x0
   450                           
   451  0070                     ?_isr:	
   452                           ; 1 bytes @ 0x0
   453                           
   454  0070                     ?_main:	
   455                           ; 1 bytes @ 0x0
   456                           
   457                           
   458                           ; 1 bytes @ 0x0
   459  0070                     	ds	1
   460  0071                     ADC_Valor@canal:
   461                           
   462                           ; 1 bytes @ 0x1
   463  0071                     	ds	3
   464  0074                     ??_isr:
   465                           
   466                           ; 1 bytes @ 0x4
   467  0074                     	ds	5
   468                           
   469                           	psect	cstackBANK0
   470  0020                     __pcstackBANK0:
   471  0020                     Tabla_Display@tabla:
   472                           
   473                           ; 16 bytes @ 0x0
   474  0020                     	ds	16
   475  0030                     Tabla_Display@numero:
   476                           
   477                           ; 1 bytes @ 0x10
   478  0030                     	ds	1
   479  0031                     ??_main:
   480                           
   481                           ; 1 bytes @ 0x11
   482  0031                     	ds	1
   483                           
   484                           	psect	maintext
   485  00AF                     __pmaintext:	
   486 ;;
   487 ;;Main: autosize = 0, tempsize = 1, incstack = 0, save=0
   488 ;;
   489 ;; *************** function _main *****************
   490 ;; Defined at:
   491 ;;		line 107 in file "Lab_01.c"
   492 ;; Parameters:    Size  Location     Type
   493 ;;		None
   494 ;; Auto vars:     Size  Location     Type
   495 ;;		None
   496 ;; Return value:  Size  Location     Type
   497 ;;                  1    wreg      void 
   498 ;; Registers used:
   499 ;;		wreg, status,2
   500 ;; Tracked objects:
   501 ;;		On entry : B00/0
   502 ;;		On exit  : 0/0
   503 ;;		Unchanged: 0/0
   504 ;; Data sizes:     COMMON   BANK0   BANK1   BANK3   BANK2
   505 ;;      Params:         0       0       0       0       0
   506 ;;      Locals:         0       0       0       0       0
   507 ;;      Temps:          0       1       0       0       0
   508 ;;      Totals:         0       1       0       0       0
   509 ;;Total ram usage:        1 bytes
   510 ;; Hardware stack levels required when called: 2
   511 ;; This function calls:
   512 ;;		Nothing
   513 ;; This function is called by:
   514 ;;		Startup code after reset
   515 ;; This function uses a non-reentrant model
   516 ;;
   517                           
   518                           
   519                           ;psect for function _main
   520  00AF                     _main:
   521  00AF                     l897:	
   522                           ;incstack = 0
   523                           ; Regs used in _main: [wreg+status,2]
   524                           
   525                           
   526                           ;Lab_01.c: 111:     PORTA = 0;
   527  00AF  1683               	bsf	3,5	;RP0=1, select bank1
   528  00B0  1303               	bcf	3,6	;RP1=0, select bank1
   529  00B1  160F               	bsf	15,4	;volatile
   530                           
   531                           ;Lab_01.c: 112:     PORTBbits.RB6 = 0;
   532  00B2  168F               	bsf	15,5	;volatile
   533                           
   534                           ;Lab_01.c: 113:     PORTBbits.RB7 = 0;
   535  00B3  170F               	bsf	15,6	;volatile
   536  00B4                     l899:
   537                           
   538                           ;Lab_01.c: 114:     PORTC = 0;
   539  00B4  30E8               	movlw	232
   540  00B5  008B               	movwf	11	;volatile
   541  00B6                     l901:
   542                           
   543                           ;Lab_01.c: 117: 
   544  00B6  1401               	bsf	1,0	;volatile
   545  00B7                     l903:
   546                           
   547                           ;Lab_01.c: 118: 
   548  00B7  1481               	bsf	1,1	;volatile
   549  00B8                     l905:
   550                           
   551                           ;Lab_01.c: 119: 
   552  00B8  1501               	bsf	1,2	;volatile
   553  00B9                     l907:
   554                           
   555                           ;Lab_01.c: 120:     while(1){
   556  00B9  1281               	bcf	1,5	;volatile
   557  00BA                     l909:
   558                           
   559                           ;Lab_01.c: 121:         if (Valor_ADC > PORTD){
   560  00BA  1181               	bcf	1,3	;volatile
   561                           
   562                           ;Lab_01.c: 122:             RE2 = 1;
   563  00BB  30A8               	movlw	168
   564  00BC  008B               	movwf	11	;volatile
   565                           
   566                           ;Lab_01.c: 123:         }else{
   567  00BD  1283               	bcf	3,5	;RP0=0, select bank0
   568  00BE  1303               	bcf	3,6	;RP1=0, select bank0
   569  00BF  0842               	movf	_Valor_TMR0,w
   570  00C0  0081               	movwf	1	;volatile
   571  00C1                     l911:
   572                           
   573                           ;Lab_01.c: 126:     }
   574  00C1  1683               	bsf	3,5	;RP0=1, select bank1
   575  00C2  1303               	bcf	3,6	;RP1=0, select bank1
   576  00C3  170C               	bsf	12,6	;volatile
   577  00C4                     l913:
   578                           
   579                           ;Lab_01.c: 127: }
   580  00C4  1283               	bcf	3,5	;RP0=0, select bank0
   581  00C5  1303               	bcf	3,6	;RP1=0, select bank0
   582  00C6  130C               	bcf	12,6	;volatile
   583  00C7                     l915:
   584  00C7  1683               	bsf	3,5	;RP0=1, select bank1
   585  00C8  1303               	bcf	3,6	;RP1=0, select bank1
   586  00C9  139F               	bcf	31,7	;volatile
   587  00CA                     l917:
   588  00CA  121F               	bcf	31,4	;volatile
   589  00CB                     l919:
   590  00CB  121F               	bcf	31,4	;volatile
   591  00CC                     l921:
   592  00CC  1283               	bcf	3,5	;RP0=0, select bank0
   593  00CD  1303               	bcf	3,6	;RP1=0, select bank0
   594  00CE  131F               	bcf	31,6	;volatile
   595  00CF                     l923:
   596  00CF  179F               	bsf	31,7	;volatile
   597  00D0                     l925:
   598  00D0  141F               	bsf	31,0	;volatile
   599  00D1  3020               	movlw	32
   600  00D2  1283               	bcf	3,5	;RP0=0, select bank0
   601  00D3  1303               	bcf	3,6	;RP1=0, select bank0
   602  00D4  00B1               	movwf	??_main
   603  00D5                     u197:
   604  00D5  0BB1               	decfsz	??_main,f
   605  00D6  28D5               	goto	u197
   606  00D7  0000               	nop
   607  00D8                     l927:
   608  00D8  1283               	bcf	3,5	;RP0=0, select bank0
   609  00D9  1303               	bcf	3,6	;RP1=0, select bank0
   610  00DA  149F               	bsf	31,1	;volatile
   611  00DB                     l929:
   612  00DB  1683               	bsf	3,5	;RP0=1, select bank1
   613  00DC  1303               	bcf	3,6	;RP1=0, select bank1
   614  00DD  1381               	bcf	1,7	;volatile
   615  00DE                     l931:
   616  00DE  1415               	bsf	21,0	;volatile
   617  00DF                     l933:
   618  00DF  1495               	bsf	21,1	;volatile
   619  00E0                     l935:
   620  00E0  1416               	bsf	22,0	;volatile
   621  00E1                     l937:
   622  00E1  1496               	bsf	22,1	;volatile
   623  00E2  3001               	movlw	1
   624  00E3  1683               	bsf	3,5	;RP0=1, select bank3
   625  00E4  1703               	bsf	3,6	;RP1=1, select bank3
   626  00E5  0088               	movwf	8	;volatile
   627  00E6                     l939:
   628  00E6  0189               	clrf	9	;volatile
   629  00E7                     l941:
   630  00E7  30FF               	movlw	255
   631  00E8  1683               	bsf	3,5	;RP0=1, select bank1
   632  00E9  1303               	bcf	3,6	;RP1=0, select bank1
   633  00EA  0085               	movwf	5	;volatile
   634  00EB                     l943:
   635  00EB  303F               	movlw	63
   636  00EC  0086               	movwf	6	;volatile
   637  00ED                     l945:
   638  00ED  0187               	clrf	7	;volatile
   639  00EE                     l947:
   640  00EE  0188               	clrf	8	;volatile
   641  00EF                     l949:
   642  00EF  0189               	clrf	9	;volatile
   643  00F0                     l951:
   644  00F0  1283               	bcf	3,5	;RP0=0, select bank0
   645  00F1  1303               	bcf	3,6	;RP1=0, select bank0
   646  00F2  0185               	clrf	5	;volatile
   647  00F3                     l953:
   648  00F3  1306               	bcf	6,6	;volatile
   649  00F4                     l955:
   650  00F4  1386               	bcf	6,7	;volatile
   651  00F5                     l957:
   652  00F5  0187               	clrf	7	;volatile
   653  00F6                     l959:
   654  00F6  0188               	clrf	8	;volatile
   655  00F7                     l961:
   656  00F7  0189               	clrf	9	;volatile
   657  00F8                     l112:
   658  00F8  0845               	movf	_Valor_ADC,w
   659  00F9  0208               	subwf	8,w	;volatile
   660  00FA  1803               	skipnc
   661  00FB  28FD               	goto	u181
   662  00FC  28FE               	goto	u180
   663  00FD                     u181:
   664  00FD  2900               	goto	l113
   665  00FE                     u180:
   666  00FE                     l963:
   667  00FE  1509               	bsf	9,2	;volatile
   668  00FF  28F8               	goto	l112
   669  0100                     l113:
   670  0100  1109               	bcf	9,2	;volatile
   671  0101  28F8               	goto	l112
   672  0102  120A  118A  280E   	ljmp	start
   673  0105                     __end_of_main:
   674                           
   675                           	psect	text1
   676  002B                     __ptext1:	
   677 ;; *************** function _isr *****************
   678 ;; Defined at:
   679 ;;		line 66 in file "Lab_01.c"
   680 ;; Parameters:    Size  Location     Type
   681 ;;		None
   682 ;; Auto vars:     Size  Location     Type
   683 ;;		None
   684 ;; Return value:  Size  Location     Type
   685 ;;                  1    wreg      void 
   686 ;; Registers used:
   687 ;;		wreg, fsr0l, fsr0h, status,2, status,0, pclath, cstack
   688 ;; Tracked objects:
   689 ;;		On entry : 0/0
   690 ;;		On exit  : 0/0
   691 ;;		Unchanged: 0/0
   692 ;; Data sizes:     COMMON   BANK0   BANK1   BANK3   BANK2
   693 ;;      Params:         0       0       0       0       0
   694 ;;      Locals:         0       0       0       0       0
   695 ;;      Temps:          5       0       0       0       0
   696 ;;      Totals:         5       0       0       0       0
   697 ;;Total ram usage:        5 bytes
   698 ;; Hardware stack levels used: 1
   699 ;; Hardware stack levels required when called: 1
   700 ;; This function calls:
   701 ;;		_ADC_Valor
   702 ;;		_Tabla_Display
   703 ;; This function is called by:
   704 ;;		Interrupt level 1
   705 ;; This function uses a non-reentrant model
   706 ;;
   707                           
   708                           
   709                           ;psect for function _isr
   710  002B                     _isr:
   711  002B                     i1l855:
   712                           
   713                           ;Lab_01.c: 68:     INTCON = 0b11101000;
   714  002B  1D0B               	btfss	11,2	;volatile
   715  002C  282E               	goto	u11_21
   716  002D  282F               	goto	u11_20
   717  002E                     u11_21:
   718  002E  284F               	goto	i1l873
   719  002F                     u11_20:
   720  002F                     i1l857:
   721                           
   722                           ;Lab_01.c: 70: 
   723  002F  110B               	bcf	11,2	;volatile
   724  0030                     i1l859:
   725                           
   726                           ;Lab_01.c: 71:     PS0 = 1;
   727  0030  1283               	bcf	3,5	;RP0=0, select bank0
   728  0031  1303               	bcf	3,6	;RP1=0, select bank0
   729  0032  0842               	movf	_Valor_TMR0,w
   730  0033  0081               	movwf	1	;volatile
   731  0034                     i1l861:
   732                           
   733                           ;Lab_01.c: 72:     PS1 = 1;
   734  0034  1C09               	btfss	9,0	;volatile
   735  0035  2837               	goto	u12_21
   736  0036  2838               	goto	u12_20
   737  0037                     u12_21:
   738  0037  2844               	goto	i1l100
   739  0038                     u12_20:
   740  0038                     i1l863:
   741                           
   742                           ;Lab_01.c: 73:     PS2 = 1;
   743  0038  1009               	bcf	9,0	;volatile
   744  0039                     i1l865:
   745                           
   746                           ;Lab_01.c: 74:     T0CS = 0;
   747  0039  0843               	movf	_Nibbler_L,w
   748  003A  120A  118A  2105  120A  118A  	fcall	_Tabla_Display
   749  003F  1283               	bcf	3,5	;RP0=0, select bank0
   750  0040  1303               	bcf	3,6	;RP1=0, select bank0
   751  0041  0087               	movwf	7	;volatile
   752  0042                     i1l867:
   753                           
   754                           ;Lab_01.c: 75:     PSA = 0;
   755  0042  1489               	bsf	9,1	;volatile
   756                           
   757                           ;Lab_01.c: 77:     TMR0 = Valor_TMR0;
   758  0043  284F               	goto	i1l873
   759  0044                     i1l100:
   760                           
   761                           ;Lab_01.c: 78: 
   762  0044  1089               	bcf	9,1	;volatile
   763  0045                     i1l869:
   764                           
   765                           ;Lab_01.c: 79: 
   766  0045  0844               	movf	_Nibbler_H,w
   767  0046  120A  118A  2105  120A  118A  	fcall	_Tabla_Display
   768  004B  1283               	bcf	3,5	;RP0=0, select bank0
   769  004C  1303               	bcf	3,6	;RP1=0, select bank0
   770  004D  0087               	movwf	7	;volatile
   771  004E                     i1l871:
   772                           
   773                           ;Lab_01.c: 80:     PIE1bits.ADIE = 1;
   774  004E  1409               	bsf	9,0	;volatile
   775  004F                     i1l873:
   776                           
   777                           ;Lab_01.c: 85:     ADCON0bits.ADCS0 = 0;
   778  004F  1C0B               	btfss	11,0	;volatile
   779  0050  2852               	goto	u13_21
   780  0051  2853               	goto	u13_20
   781  0052                     u13_21:
   782  0052  2865               	goto	i1l883
   783  0053                     u13_20:
   784  0053                     i1l875:
   785                           
   786                           ;Lab_01.c: 86:     ADCON0bits.ADCS1 = 1;
   787  0053  1283               	bcf	3,5	;RP0=0, select bank0
   788  0054  1303               	bcf	3,6	;RP1=0, select bank0
   789  0055  1806               	btfsc	6,0	;volatile
   790  0056  2858               	goto	u14_21
   791  0057  2859               	goto	u14_20
   792  0058                     u14_21:
   793  0058  285E               	goto	i1l103
   794  0059                     u14_20:
   795  0059                     i1l877:
   796                           
   797                           ;Lab_01.c: 87:     ADCON0bits.ADON = 1;
   798  0059  3001               	movlw	1
   799  005A  00F4               	movwf	??_isr
   800  005B  0874               	movf	??_isr,w
   801  005C  0788               	addwf	8,f	;volatile
   802                           
   803                           ;Lab_01.c: 88:     _delay((unsigned long)((50)*(8000000/4000000.0)));
   804  005D  2864               	goto	i1l881
   805  005E                     i1l103:
   806  005E  1886               	btfsc	6,1	;volatile
   807  005F  2861               	goto	u15_21
   808  0060  2862               	goto	u15_20
   809  0061                     u15_21:
   810  0061  2864               	goto	i1l881
   811  0062                     u15_20:
   812  0062                     i1l879:
   813                           
   814                           ;Lab_01.c: 89:     ADCON0bits.GO = 1;
   815  0062  3001               	movlw	1
   816  0063  0288               	subwf	8,f	;volatile
   817  0064                     i1l881:
   818                           
   819                           ;Lab_01.c: 91: 
   820  0064  100B               	bcf	11,0	;volatile
   821  0065                     i1l883:
   822                           
   823                           ;Lab_01.c: 95: 
   824  0065  1283               	bcf	3,5	;RP0=0, select bank0
   825  0066  1303               	bcf	3,6	;RP1=0, select bank0
   826  0067  1F0C               	btfss	12,6	;volatile
   827  0068  286A               	goto	u16_21
   828  0069  286B               	goto	u16_20
   829  006A                     u16_21:
   830  006A  28A6               	goto	i1l107
   831  006B                     u16_20:
   832  006B                     i1l885:
   833                           
   834                           ;Lab_01.c: 96: 
   835  006B  130C               	bcf	12,6	;volatile
   836  006C                     i1l887:
   837                           
   838                           ;Lab_01.c: 97:     IOCB0 = 1;
   839  006C  3000               	movlw	0
   840  006D  120A  118A  2146  120A  118A  	fcall	_ADC_Valor
   841  0072  00F4               	movwf	??_isr
   842  0073  0874               	movf	??_isr,w
   843  0074  1283               	bcf	3,5	;RP0=0, select bank0
   844  0075  1303               	bcf	3,6	;RP1=0, select bank0
   845  0076  00C5               	movwf	_Valor_ADC
   846                           
   847                           ;Lab_01.c: 98:     IOCB1 = 1;
   848  0077  3000               	movlw	0
   849  0078  120A  118A  2146  120A  118A  	fcall	_ADC_Valor
   850  007D  00F4               	movwf	??_isr
   851  007E  3004               	movlw	4
   852  007F                     u17_25:
   853  007F  1003               	clrc
   854  0080  0CF4               	rrf	??_isr,f
   855  0081  3EFF               	addlw	-1
   856  0082  1D03               	skipz
   857  0083  287F               	goto	u17_25
   858  0084  0874               	movf	??_isr,w
   859  0085  00F5               	movwf	??_isr+1
   860  0086  0875               	movf	??_isr+1,w
   861  0087  1283               	bcf	3,5	;RP0=0, select bank0
   862  0088  1303               	bcf	3,6	;RP1=0, select bank0
   863  0089  00C4               	movwf	_Nibbler_H
   864  008A                     i1l889:
   865                           
   866                           ;Lab_01.c: 99: 
   867  008A  0844               	movf	_Nibbler_H,w
   868  008B  390F               	andlw	15
   869  008C  00F4               	movwf	??_isr
   870  008D  0874               	movf	??_isr,w
   871  008E  00C4               	movwf	_Nibbler_H
   872  008F                     i1l891:
   873                           
   874                           ;Lab_01.c: 100: 
   875  008F  3000               	movlw	0
   876  0090  120A  118A  2146  120A  118A  	fcall	_ADC_Valor
   877  0095  00F4               	movwf	??_isr
   878  0096  0874               	movf	??_isr,w
   879  0097  1283               	bcf	3,5	;RP0=0, select bank0
   880  0098  1303               	bcf	3,6	;RP1=0, select bank0
   881  0099  00C3               	movwf	_Nibbler_L
   882                           
   883                           ;Lab_01.c: 101: 
   884  009A  0843               	movf	_Nibbler_L,w
   885  009B  390F               	andlw	15
   886  009C  00F4               	movwf	??_isr
   887  009D  0874               	movf	??_isr,w
   888  009E  00C3               	movwf	_Nibbler_L
   889  009F                     i1l893:
   890                           
   891                           ;Lab_01.c: 102:     ANSEL = 0b1;
   892  009F  3021               	movlw	33
   893  00A0  00F4               	movwf	??_isr
   894  00A1                     u20_27:
   895  00A1  0BF4               	decfsz	??_isr,f
   896  00A2  28A1               	goto	u20_27
   897  00A3                     i1l895:
   898                           
   899                           ;Lab_01.c: 103:     ANSELH = 0;
   900  00A3  1283               	bcf	3,5	;RP0=0, select bank0
   901  00A4  1303               	bcf	3,6	;RP1=0, select bank0
   902  00A5  149F               	bsf	31,1	;volatile
   903  00A6                     i1l107:
   904  00A6  0878               	movf	??_isr+4,w
   905  00A7  008A               	movwf	10
   906  00A8  0877               	movf	??_isr+3,w
   907  00A9  0084               	movwf	4
   908  00AA  0E76               	swapf	??_isr+2,w
   909  00AB  0083               	movwf	3
   910  00AC  0EFE               	swapf	btemp,f
   911  00AD  0E7E               	swapf	btemp,w
   912  00AE  0009               	retfie
   913  00AF                     __end_of_isr:
   914                           
   915                           	psect	intentry
   916  0004                     __pintentry:	
   917                           ;incstack = 0
   918                           ; Regs used in _isr: [wreg-fsr0h+status,2+status,0+pclath+cstack]
   919                           
   920  0004                     interrupt_function:
   921  007E                     saved_w	set	btemp
   922  0004  00FE               	movwf	btemp
   923  0005  0E03               	swapf	3,w
   924  0006  00F6               	movwf	??_isr+2
   925  0007  0804               	movf	4,w
   926  0008  00F7               	movwf	??_isr+3
   927  0009  080A               	movf	10,w
   928  000A  00F8               	movwf	??_isr+4
   929  000B  120A  118A  282B   	ljmp	_isr
   930                           
   931                           	psect	text2
   932  0105                     __ptext2:	
   933 ;; *************** function _Tabla_Display *****************
   934 ;; Defined at:
   935 ;;		line 10 in file "Libreria.c"
   936 ;; Parameters:    Size  Location     Type
   937 ;;  numero          1    wreg     unsigned char 
   938 ;; Auto vars:     Size  Location     Type
   939 ;;  numero          1   16[BANK0 ] unsigned char 
   940 ;;  tabla          16    0[BANK0 ] unsigned char [16]
   941 ;; Return value:  Size  Location     Type
   942 ;;                  1    wreg      unsigned char 
   943 ;; Registers used:
   944 ;;		wreg, fsr0l, fsr0h, status,2, status,0
   945 ;; Tracked objects:
   946 ;;		On entry : 0/0
   947 ;;		On exit  : 0/0
   948 ;;		Unchanged: 0/0
   949 ;; Data sizes:     COMMON   BANK0   BANK1   BANK3   BANK2
   950 ;;      Params:         0       0       0       0       0
   951 ;;      Locals:         0      17       0       0       0
   952 ;;      Temps:          4       0       0       0       0
   953 ;;      Totals:         4      17       0       0       0
   954 ;;Total ram usage:       21 bytes
   955 ;; Hardware stack levels used: 1
   956 ;; This function calls:
   957 ;;		Nothing
   958 ;; This function is called by:
   959 ;;		_isr
   960 ;; This function uses a non-reentrant model
   961 ;;
   962                           
   963                           
   964                           ;psect for function _Tabla_Display
   965  0105                     _Tabla_Display:
   966                           
   967                           ;incstack = 0
   968                           ; Regs used in _Tabla_Display: [wreg-fsr0h+status,2+status,0]
   969                           ;Tabla_Display@numero stored from wreg
   970  0105  1283               	bcf	3,5	;RP0=0, select bank0
   971  0106  1303               	bcf	3,6	;RP1=0, select bank0
   972  0107  00B0               	movwf	Tabla_Display@numero
   973  0108                     i1l843:
   974                           
   975                           ;Libreria.c: 11:     char tabla [16]= {
   976  0108  3020               	movlw	Tabla_Display@tabla& (0+255)
   977  0109  0084               	movwf	4
   978  010A  3032               	movlw	low Tabla_Display@F1266
   979  010B  00F0               	movwf	??_Tabla_Display
   980  010C  0804               	movf	4,w
   981  010D  00F1               	movwf	??_Tabla_Display+1
   982  010E  3010               	movlw	16
   983  010F  00F2               	movwf	??_Tabla_Display+2
   984  0110                     u10_20:
   985  0110  0870               	movf	??_Tabla_Display,w
   986  0111  0084               	movwf	4
   987  0112  1383               	bcf	3,7	;select IRP bank0
   988  0113  0800               	movf	0,w
   989  0114  00F3               	movwf	??_Tabla_Display+3
   990  0115  0AF0               	incf	??_Tabla_Display,f
   991  0116  0871               	movf	??_Tabla_Display+1,w
   992  0117  0084               	movwf	4
   993  0118  0873               	movf	??_Tabla_Display+3,w
   994  0119  0080               	movwf	0
   995  011A  0AF1               	incf	??_Tabla_Display+1,f
   996  011B  0BF2               	decfsz	??_Tabla_Display+2,f
   997  011C  2910               	goto	u10_20
   998  011D                     i1l845:
   999                           
  1000                           ;Libreria.c: 29:     return tabla[numero];
  1001  011D  0830               	movf	Tabla_Display@numero,w
  1002  011E  3E20               	addlw	(low (Tabla_Display@tabla| 0))& (0+255)
  1003  011F  0084               	movwf	4
  1004  0120  0800               	movf	0,w
  1005  0121                     i1l126:
  1006  0121  0008               	return
  1007  0122                     __end_of_Tabla_Display:
  1008                           
  1009                           	psect	text3
  1010  0146                     __ptext3:	
  1011 ;; *************** function _ADC_Valor *****************
  1012 ;; Defined at:
  1013 ;;		line 31 in file "Libreria.c"
  1014 ;; Parameters:    Size  Location     Type
  1015 ;;  canal           1    wreg     unsigned char 
  1016 ;; Auto vars:     Size  Location     Type
  1017 ;;  canal           1    1[COMMON] unsigned char 
  1018 ;; Return value:  Size  Location     Type
  1019 ;;                  1    wreg      unsigned char 
  1020 ;; Registers used:
  1021 ;;		wreg, status,2, status,0
  1022 ;; Tracked objects:
  1023 ;;		On entry : 0/0
  1024 ;;		On exit  : 0/0
  1025 ;;		Unchanged: 0/0
  1026 ;; Data sizes:     COMMON   BANK0   BANK1   BANK3   BANK2
  1027 ;;      Params:         0       0       0       0       0
  1028 ;;      Locals:         1       0       0       0       0
  1029 ;;      Temps:          1       0       0       0       0
  1030 ;;      Totals:         2       0       0       0       0
  1031 ;;Total ram usage:        2 bytes
  1032 ;; Hardware stack levels used: 1
  1033 ;; This function calls:
  1034 ;;		Nothing
  1035 ;; This function is called by:
  1036 ;;		_isr
  1037 ;; This function uses a non-reentrant model
  1038 ;;
  1039                           
  1040                           
  1041                           ;psect for function _ADC_Valor
  1042  0146                     _ADC_Valor:
  1043                           
  1044                           ;incstack = 0
  1045                           ; Regs used in _ADC_Valor: [wreg+status,2+status,0]
  1046                           ;ADC_Valor@canal stored from wreg
  1047  0146  00F1               	movwf	ADC_Valor@canal
  1048  0147                     i1l849:
  1049                           
  1050                           ;Libreria.c: 32:     ADCON0bits.CHS = canal;
  1051  0147  0871               	movf	ADC_Valor@canal,w
  1052  0148  00F0               	movwf	??_ADC_Valor
  1053  0149  0DF0               	rlf	??_ADC_Valor,f
  1054  014A  0DF0               	rlf	??_ADC_Valor,f
  1055  014B  1283               	bcf	3,5	;RP0=0, select bank0
  1056  014C  1303               	bcf	3,6	;RP1=0, select bank0
  1057  014D  081F               	movf	31,w	;volatile
  1058  014E  0670               	xorwf	??_ADC_Valor,w
  1059  014F  39C3               	andlw	-61
  1060  0150  0670               	xorwf	??_ADC_Valor,w
  1061  0151  009F               	movwf	31	;volatile
  1062  0152                     i1l851:
  1063                           
  1064                           ;Libreria.c: 33:     return ADRESH;
  1065  0152  081E               	movf	30,w	;volatile
  1066  0153                     i1l129:
  1067  0153  0008               	return
  1068  0154                     __end_of_ADC_Valor:
  1069  007E                     btemp	set	126	;btemp
  1070  007E                     wtemp0	set	126
  1071                           
  1072                           	psect	config
  1073                           
  1074                           ;Config register CONFIG1 @ 0x2007
  1075                           ;	Oscillator Selection bits
  1076                           ;	FOSC = INTRC_NOCLKOUT, INTOSCIO oscillator: I/O function on RA6/OSC2/CLKOUT pin, I/O f
      +                          unction on RA7/OSC1/CLKIN
  1077                           ;	Watchdog Timer Enable bit
  1078                           ;	WDTE = OFF, WDT disabled and can be enabled by SWDTEN bit of the WDTCON register
  1079                           ;	Power-up Timer Enable bit
  1080                           ;	PWRTE = OFF, PWRT disabled
  1081                           ;	RE3/MCLR pin function select bit
  1082                           ;	MCLRE = OFF, RE3/MCLR pin function is digital input, MCLR internally tied to VDD
  1083                           ;	Code Protection bit
  1084                           ;	CP = OFF, Program memory code protection is disabled
  1085                           ;	Data Code Protection bit
  1086                           ;	CPD = OFF, Data memory code protection is disabled
  1087                           ;	Brown Out Reset Selection bits
  1088                           ;	BOREN = OFF, BOR disabled
  1089                           ;	Internal External Switchover bit
  1090                           ;	IESO = OFF, Internal/External Switchover mode is disabled
  1091                           ;	Fail-Safe Clock Monitor Enabled bit
  1092                           ;	FCMEN = OFF, Fail-Safe Clock Monitor is disabled
  1093                           ;	Low Voltage Programming Enable bit
  1094                           ;	LVP = OFF, RB3 pin has digital I/O, HV on MCLR must be used for programming
  1095                           ;	In-Circuit Debugger Mode bit
  1096                           ;	DEBUG = 0x1, unprogrammed default
  1097  2007                     	org	8199
  1098  2007  20D4               	dw	8404
  1099                           
  1100                           ;Config register CONFIG2 @ 0x2008
  1101                           ;	Brown-out Reset Selection bit
  1102                           ;	BOR4V = BOR40V, Brown-out Reset set to 4.0V
  1103                           ;	Flash Program Memory Self Write Enable bits
  1104                           ;	WRT = OFF, Write protection off
  1105  2008                     	org	8200
  1106  2008  3FFF               	dw	16383

Data Sizes:
    Strings     0
    Constant    0
    Data        17
    BSS         8
    Persistent  0
    Stack       0

Auto Spaces:
    Space          Size  Autos    Used
    COMMON           14      9      14
    BANK0            80     18      38
    BANK1            80      0       0
    BANK3            96      0       0
    BANK2            96      0       0

Pointer List with Targets:

    None.

Critical Paths under _main in COMMON

    None.

Critical Paths under _isr in COMMON

    _isr->_Tabla_Display

Critical Paths under _main in BANK0

    None.

Critical Paths under _isr in BANK0

    _isr->_Tabla_Display

Critical Paths under _main in BANK1

    None.

Critical Paths under _isr in BANK1

    None.

Critical Paths under _main in BANK3

    None.

Critical Paths under _isr in BANK3

    None.

Critical Paths under _main in BANK2

    None.

Critical Paths under _isr in BANK2

    None.

Call Graph Tables:

 ---------------------------------------------------------------------------------
 (Depth) Function   	        Calls       Base Space   Used Autos Params    Refs
 ---------------------------------------------------------------------------------
 (0) _main                                                 1     1      0       0
                                             17 BANK0      1     1      0
 ---------------------------------------------------------------------------------
 Estimated maximum stack depth 0
 ---------------------------------------------------------------------------------
 (Depth) Function   	        Calls       Base Space   Used Autos Params    Refs
 ---------------------------------------------------------------------------------
 (1) _isr                                                  5     5      0      69
                                              4 COMMON     5     5      0
                          _ADC_Valor
                      _Tabla_Display
 ---------------------------------------------------------------------------------
 (2) _Tabla_Display                                       21    21      0      47
                                              0 COMMON     4     4      0
                                              0 BANK0     17    17      0
 ---------------------------------------------------------------------------------
 (2) _ADC_Valor                                            2     2      0      22
                                              0 COMMON     2     2      0
 ---------------------------------------------------------------------------------
 Estimated maximum stack depth 2
 ---------------------------------------------------------------------------------

 Call Graph Graphs:

 _main (ROOT)

 _isr (ROOT)
   _ADC_Valor
   _Tabla_Display

 Address spaces:
Name               Size   Autos  Total    Cost      Usage
BANK3               60      0       0       9        0.0%
BITBANK3            60      0       0       8        0.0%
SFR3                 0      0       0       4        0.0%
BITSFR3              0      0       0       4        0.0%
BANK2               60      0       0      11        0.0%
BITBANK2            60      0       0      10        0.0%
SFR2                 0      0       0       5        0.0%
BITSFR2              0      0       0       5        0.0%
BANK1               50      0       0       7        0.0%
BITBANK1            50      0       0       6        0.0%
SFR1                 0      0       0       2        0.0%
BITSFR1              0      0       0       2        0.0%
BANK0               50     12      26       5       47.5%
BITBANK0            50      0       0       4        0.0%
SFR0                 0      0       0       1        0.0%
BITSFR0              0      0       0       1        0.0%
COMMON               E      9       E       1      100.0%
BITCOMMON            E      0       0       0        0.0%
CODE                 0      0       0       0        0.0%
DATA                 0      0      34      12        0.0%
ABS                  0      0      34       3        0.0%
NULL                 0      0       0       0        0.0%
STACK                0      0       0       2        0.0%
EEDATA             100      0       0       0        0.0%


Microchip Technology PIC Macro Assembler V2.32 build 20210201212658 
Symbol Table                                                                                   Wed Jul 21 10:21:21 2021

                      pc 0002       __size_of_ADC_Valor 000E                       fsr 0004  
                    l112 00F8                      l113 0100                      l901 00B6  
                    l911 00C1                      l903 00B7                      l921 00CC  
                    l913 00C4                      l905 00B8                      l931 00DE  
                    l923 00CF                      l915 00C7                      l907 00B9  
                    l941 00E7                      l933 00DF                      l925 00D0  
                    l917 00CA                      l909 00BA                      l951 00F0  
                    l943 00EB                      l935 00E0                      l927 00D8  
                    l919 00CB                      l961 00F7                      l953 00F3  
                    l945 00ED                      l937 00E1                      l929 00DB  
                    l963 00FE                      l955 00F4                      l947 00EE  
                    l939 00E6                      l957 00F5                      l949 00EF  
                    l959 00F6                      l897 00AF                      l899 00B4  
                    _RB0 0030                      _RB1 0031                      _RE0 0048  
                    _RE1 0049                      _RE2 004A                      u180 00FE  
                    u181 00FD                      _PS0 0408                      _PS1 0409  
                    _PS2 040A                      u197 00D5                      _PSA 040B  
                    _isr 002B                      fsr0 0004                      indf 0000  
                   _ADIF 0066                     ?_isr 0070                     _T0IF 005A  
                   _T0CS 040D                     _RBIF 0058                     _TMR0 0001  
                   _main 00AF                     btemp 007E                     start 000E  
                  ??_isr 0074                    ?_main 0070                    _ANSEL 0188  
                  _IOCB0 04B0                    _IOCB1 04B1                    _IRCF0 047C  
                  _IRCF1 047D                    _IRCF2 047E                    i1l100 0044  
                  i1l103 005E                    i1l107 00A6                    i1l126 0121  
                  i1l129 0153                    i1l851 0152                    i1l843 0108  
                  i1l845 011D                    i1l861 0034                    i1l871 004E  
                  i1l863 0038                    i1l855 002B                    i1l849 0147  
                  i1l881 0064                    i1l865 0039                    i1l857 002F  
                  i1l873 004F                    i1l891 008F                    i1l875 0053  
                  i1l883 0065                    i1l867 0042                    i1l859 0030  
                  i1l893 009F                    i1l885 006B                    i1l877 0059  
                  i1l869 0045                    i1l895 00A3                    i1l887 006C  
                  i1l879 0062                    i1l889 008A                    u10_20 0110  
                  u11_20 002F                    u11_21 002E                    u12_20 0038  
                  u12_21 0037                    u20_27 00A1                    u13_20 0053  
                  u13_21 0052                    u14_20 0059                    u14_21 0058  
                  u15_20 0062                    u15_21 0061                    u16_20 006B  
                  u16_21 006A                    u17_25 007F                    _PORTA 0005  
                  _PORTC 0007                    _PORTD 0008                    _PORTE 0009  
                  _TRISA 0085                    _TRISB 0086                    _TRISC 0087  
                  _TRISD 0088                    _TRISE 0089   __size_of_Tabla_Display 001D  
                  pclath 000A        __end_of_ADC_Valor 0154                    status 0003  
                  wtemp0 007E          __initialization 0011             __end_of_main 0105  
                 ??_main 0031                   _ADRESH 001E                   _ANSELH 0189  
                 _INTCON 000B               _Valor_TMR0 0042            _Tabla_Display 0105  
                 saved_w 007E  __end_of__initialization 0027           __pcstackCOMMON 0070  
         ?_Tabla_Display 0070             __pidataBANK0 0135           _OPTION_REGbits 0081  
             __pbssBANK0 0043               __pmaintext 00AF               __pintentry 0004  
                _Boton_0 007D                  _Boton_1 007C                _ADC_Valor 0146  
        ??_Tabla_Display 0070                  __ptext1 002B                  __ptext2 0105  
                __ptext3 0146             __size_of_isr 0084     end_of_initialization 0027  
             ?_ADC_Valor 0070                _PORTBbits 0006         _Comparador_PORTB 0079  
    start_initialization 0011                _Nibbler_H 0044                _Nibbler_L 0043  
            __end_of_isr 00AF              ??_ADC_Valor 0070                _Valor_ADC 0045  
             init_fetch0 0122              __pdataBANK0 0032              __pbssCOMMON 0079  
              ___latbits 0002            __pcstackBANK0 0020        interrupt_function 0004  
               _PIE1bits 008C    __end_of_Tabla_Display 0122           ADC_Valor@canal 0071  
             _ADCON0bits 001F               _ADCON1bits 009F                 _WPUBbits 0095  
          __size_of_main 0056      Tabla_Display@numero 0030       Tabla_Display@F1266 0032  
               init_ram0 0126                 intlevel1 0000       Tabla_Display@tabla 0020  
