

Microchip MPLAB XC8 Assembler V2.32 build 20210201212658 
                                                                                               Tue Aug 03 21:48:08 2021

Microchip MPLAB XC8 C Compiler v2.32 (Free license) build 20210201212658 Og1 
     1                           	processor	16F887
     2                           	pagewidth 120
     3                           	opt	flic
     4                           	psect	cinit,global,class=CODE,merge=1,delta=2
     5                           	psect	bssCOMMON,global,class=COMMON,space=1,delta=1,noexec
     6                           	psect	cstackCOMMON,global,class=COMMON,space=1,delta=1,noexec
     7                           	psect	maintext,global,class=CODE,split=1,delta=2
     8                           	psect	text1,local,class=CODE,merge=1,delta=2
     9                           	psect	text2,local,class=CODE,merge=1,delta=2
    10                           	psect	text3,local,class=CODE,merge=1,delta=2
    11                           	psect	text4,local,class=CODE,merge=1,delta=2
    12                           	psect	text5,local,class=CODE,merge=1,delta=2
    13                           	psect	text6,local,class=CODE,merge=1,delta=2
    14                           	psect	intentry,global,class=CODE,delta=2
    15                           	psect	text7,local,class=CODE,merge=1,delta=2
    16                           	psect	text8,local,class=CODE,merge=1,delta=2
    17                           	psect	config,global,abs,ovrld,class=CONFIG,space=4,delta=2,noexec
    18                           	dabs	1,0x7E,2
    19  0000                     
    20                           ; Version 2.20
    21                           ; Generated 12/02/2020 GMT
    22                           ; 
    23                           ; Copyright © 2020, Microchip Technology Inc. and its subsidiaries ("Microchip")
    24                           ; All rights reserved.
    25                           ; 
    26                           ; This software is developed by Microchip Technology Inc. and its subsidiaries ("Microch
      +                          ip").
    27                           ; 
    28                           ; Redistribution and use in source and binary forms, with or without modification, are
    29                           ; permitted provided that the following conditions are met:
    30                           ; 
    31                           ;     1. Redistributions of source code must retain the above copyright notice, this lis
      +                          t of
    32                           ;        conditions and the following disclaimer.
    33                           ; 
    34                           ;     2. Redistributions in binary form must reproduce the above copyright notice, this 
      +                          list
    35                           ;        of conditions and the following disclaimer in the documentation and/or other
    36                           ;        materials provided with the distribution.
    37                           ; 
    38                           ;     3. Microchip's name may not be used to endorse or promote products derived from th
      +                          is
    39                           ;        software without specific prior written permission.
    40                           ; 
    41                           ; THIS SOFTWARE IS PROVIDED BY MICROCHIP "AS IS" AND ANY EXPRESS OR IMPLIED WARRANTIES,
    42                           ; INCLUDING, BUT NOT LIMITED TO, THE IMPLIED WARRANTIES OF MERCHANTABILITY AND FITNESS F
      +                          OR
    43                           ; PURPOSE ARE DISCLAIMED.  IN NO EVENT SHALL MICROCHIP BE LIABLE FOR ANY DIRECT, INDIREC
      +                          T,
    44                           ; INCIDENTAL, SPECIAL, EXEMPLARY, OR CONSEQUENTIAL DAMAGES (INCLUDING BUT NOT LIMITED TO
    45                           ; PROCUREMENT OF SUBSTITUTE GOODS OR SERVICES; LOSS OF USE, DATA OR PROFITS; OR BUSINESS
    46                           ; INTERRUPTION) HOWSOEVER CAUSED AND ON ANY THEORY OF LIABILITY, WHETHER IN CONTRACT, ST
      +                          RICT
    47                           ; LIABILITY, OR TORT (INCLUDING NEGLIGENCE OR OTHERWISE) ARISING IN ANY WAY OUT OF THE U
      +                          SE OF
    48                           ; THIS SOFTWARE, EVEN IF ADVISED OF THE POSSIBILITY OF SUCH DAMAGE.
    49                           ; 
    50                           ; 
    51                           ; Code-generator required, PIC16F887 Definitions
    52                           ; 
    53                           ; SFR Addresses
    54  0000                     	;# 
    55  0001                     	;# 
    56  0002                     	;# 
    57  0003                     	;# 
    58  0004                     	;# 
    59  0005                     	;# 
    60  0006                     	;# 
    61  0007                     	;# 
    62  0008                     	;# 
    63  0009                     	;# 
    64  000A                     	;# 
    65  000B                     	;# 
    66  000C                     	;# 
    67  000D                     	;# 
    68  000E                     	;# 
    69  000E                     	;# 
    70  000F                     	;# 
    71  0010                     	;# 
    72  0011                     	;# 
    73  0012                     	;# 
    74  0013                     	;# 
    75  0014                     	;# 
    76  0015                     	;# 
    77  0015                     	;# 
    78  0016                     	;# 
    79  0017                     	;# 
    80  0018                     	;# 
    81  0019                     	;# 
    82  001A                     	;# 
    83  001B                     	;# 
    84  001B                     	;# 
    85  001C                     	;# 
    86  001D                     	;# 
    87  001E                     	;# 
    88  001F                     	;# 
    89  0081                     	;# 
    90  0085                     	;# 
    91  0086                     	;# 
    92  0087                     	;# 
    93  0088                     	;# 
    94  0089                     	;# 
    95  008C                     	;# 
    96  008D                     	;# 
    97  008E                     	;# 
    98  008F                     	;# 
    99  0090                     	;# 
   100  0091                     	;# 
   101  0092                     	;# 
   102  0093                     	;# 
   103  0093                     	;# 
   104  0093                     	;# 
   105  0094                     	;# 
   106  0095                     	;# 
   107  0096                     	;# 
   108  0097                     	;# 
   109  0098                     	;# 
   110  0099                     	;# 
   111  009A                     	;# 
   112  009B                     	;# 
   113  009C                     	;# 
   114  009D                     	;# 
   115  009E                     	;# 
   116  009F                     	;# 
   117  0105                     	;# 
   118  0107                     	;# 
   119  0108                     	;# 
   120  0109                     	;# 
   121  010C                     	;# 
   122  010C                     	;# 
   123  010D                     	;# 
   124  010E                     	;# 
   125  010F                     	;# 
   126  0185                     	;# 
   127  0187                     	;# 
   128  0188                     	;# 
   129  0189                     	;# 
   130  018C                     	;# 
   131  018D                     	;# 
   132  0000                     	;# 
   133  0001                     	;# 
   134  0002                     	;# 
   135  0003                     	;# 
   136  0004                     	;# 
   137  0005                     	;# 
   138  0006                     	;# 
   139  0007                     	;# 
   140  0008                     	;# 
   141  0009                     	;# 
   142  000A                     	;# 
   143  000B                     	;# 
   144  000C                     	;# 
   145  000D                     	;# 
   146  000E                     	;# 
   147  000E                     	;# 
   148  000F                     	;# 
   149  0010                     	;# 
   150  0011                     	;# 
   151  0012                     	;# 
   152  0013                     	;# 
   153  0014                     	;# 
   154  0015                     	;# 
   155  0015                     	;# 
   156  0016                     	;# 
   157  0017                     	;# 
   158  0018                     	;# 
   159  0019                     	;# 
   160  001A                     	;# 
   161  001B                     	;# 
   162  001B                     	;# 
   163  001C                     	;# 
   164  001D                     	;# 
   165  001E                     	;# 
   166  001F                     	;# 
   167  0081                     	;# 
   168  0085                     	;# 
   169  0086                     	;# 
   170  0087                     	;# 
   171  0088                     	;# 
   172  0089                     	;# 
   173  008C                     	;# 
   174  008D                     	;# 
   175  008E                     	;# 
   176  008F                     	;# 
   177  0090                     	;# 
   178  0091                     	;# 
   179  0092                     	;# 
   180  0093                     	;# 
   181  0093                     	;# 
   182  0093                     	;# 
   183  0094                     	;# 
   184  0095                     	;# 
   185  0096                     	;# 
   186  0097                     	;# 
   187  0098                     	;# 
   188  0099                     	;# 
   189  009A                     	;# 
   190  009B                     	;# 
   191  009C                     	;# 
   192  009D                     	;# 
   193  009E                     	;# 
   194  009F                     	;# 
   195  0105                     	;# 
   196  0107                     	;# 
   197  0108                     	;# 
   198  0109                     	;# 
   199  010C                     	;# 
   200  010C                     	;# 
   201  010D                     	;# 
   202  010E                     	;# 
   203  010F                     	;# 
   204  0185                     	;# 
   205  0187                     	;# 
   206  0188                     	;# 
   207  0189                     	;# 
   208  018C                     	;# 
   209  018D                     	;# 
   210  0000                     	;# 
   211  0001                     	;# 
   212  0002                     	;# 
   213  0003                     	;# 
   214  0004                     	;# 
   215  0005                     	;# 
   216  0006                     	;# 
   217  0007                     	;# 
   218  0008                     	;# 
   219  0009                     	;# 
   220  000A                     	;# 
   221  000B                     	;# 
   222  000C                     	;# 
   223  000D                     	;# 
   224  000E                     	;# 
   225  000E                     	;# 
   226  000F                     	;# 
   227  0010                     	;# 
   228  0011                     	;# 
   229  0012                     	;# 
   230  0013                     	;# 
   231  0014                     	;# 
   232  0015                     	;# 
   233  0015                     	;# 
   234  0016                     	;# 
   235  0017                     	;# 
   236  0018                     	;# 
   237  0019                     	;# 
   238  001A                     	;# 
   239  001B                     	;# 
   240  001B                     	;# 
   241  001C                     	;# 
   242  001D                     	;# 
   243  001E                     	;# 
   244  001F                     	;# 
   245  0081                     	;# 
   246  0085                     	;# 
   247  0086                     	;# 
   248  0087                     	;# 
   249  0088                     	;# 
   250  0089                     	;# 
   251  008C                     	;# 
   252  008D                     	;# 
   253  008E                     	;# 
   254  008F                     	;# 
   255  0090                     	;# 
   256  0091                     	;# 
   257  0092                     	;# 
   258  0093                     	;# 
   259  0093                     	;# 
   260  0093                     	;# 
   261  0094                     	;# 
   262  0095                     	;# 
   263  0096                     	;# 
   264  0097                     	;# 
   265  0098                     	;# 
   266  0099                     	;# 
   267  009A                     	;# 
   268  009B                     	;# 
   269  009C                     	;# 
   270  009D                     	;# 
   271  009E                     	;# 
   272  009F                     	;# 
   273  0105                     	;# 
   274  0107                     	;# 
   275  0108                     	;# 
   276  0109                     	;# 
   277  010C                     	;# 
   278  010C                     	;# 
   279  010D                     	;# 
   280  010E                     	;# 
   281  010F                     	;# 
   282  0185                     	;# 
   283  0187                     	;# 
   284  0188                     	;# 
   285  0189                     	;# 
   286  018C                     	;# 
   287  018D                     	;# 
   288  0000                     	;# 
   289  0001                     	;# 
   290  0002                     	;# 
   291  0003                     	;# 
   292  0004                     	;# 
   293  0005                     	;# 
   294  0006                     	;# 
   295  0007                     	;# 
   296  0008                     	;# 
   297  0009                     	;# 
   298  000A                     	;# 
   299  000B                     	;# 
   300  000C                     	;# 
   301  000D                     	;# 
   302  000E                     	;# 
   303  000E                     	;# 
   304  000F                     	;# 
   305  0010                     	;# 
   306  0011                     	;# 
   307  0012                     	;# 
   308  0013                     	;# 
   309  0014                     	;# 
   310  0015                     	;# 
   311  0015                     	;# 
   312  0016                     	;# 
   313  0017                     	;# 
   314  0018                     	;# 
   315  0019                     	;# 
   316  001A                     	;# 
   317  001B                     	;# 
   318  001B                     	;# 
   319  001C                     	;# 
   320  001D                     	;# 
   321  001E                     	;# 
   322  001F                     	;# 
   323  0081                     	;# 
   324  0085                     	;# 
   325  0086                     	;# 
   326  0087                     	;# 
   327  0088                     	;# 
   328  0089                     	;# 
   329  008C                     	;# 
   330  008D                     	;# 
   331  008E                     	;# 
   332  008F                     	;# 
   333  0090                     	;# 
   334  0091                     	;# 
   335  0092                     	;# 
   336  0093                     	;# 
   337  0093                     	;# 
   338  0093                     	;# 
   339  0094                     	;# 
   340  0095                     	;# 
   341  0096                     	;# 
   342  0097                     	;# 
   343  0098                     	;# 
   344  0099                     	;# 
   345  009A                     	;# 
   346  009B                     	;# 
   347  009C                     	;# 
   348  009D                     	;# 
   349  009E                     	;# 
   350  009F                     	;# 
   351  0105                     	;# 
   352  0107                     	;# 
   353  0108                     	;# 
   354  0109                     	;# 
   355  010C                     	;# 
   356  010C                     	;# 
   357  010D                     	;# 
   358  010E                     	;# 
   359  010F                     	;# 
   360  0185                     	;# 
   361  0187                     	;# 
   362  0188                     	;# 
   363  0189                     	;# 
   364  018C                     	;# 
   365  018D                     	;# 
   366  0013                     _SSPBUF	set	19
   367  0014                     _SSPCONbits	set	20
   368  0014                     _SSPCON	set	20
   369  0007                     _PORTCbits	set	7
   370  0019                     _TXREG	set	25
   371  001E                     _ADRESH	set	30
   372  0005                     _PORTA	set	5
   373  000C                     _PIR1bits	set	12
   374  000B                     _INTCONbits	set	11
   375  001F                     _ADCON0bits	set	31
   376  0001                     _TMR0	set	1
   377  000B                     _INTCON	set	11
   378  0009                     _PORTE	set	9
   379  0008                     _PORTD	set	8
   380  0007                     _PORTC	set	7
   381  0006                     _PORTB	set	6
   382  002A                     _RA2	set	42
   383  0028                     _RA0	set	40
   384  00C4                     _CREN	set	196
   385  00C7                     _SPEN	set	199
   386  0065                     _RCIF	set	101
   387  0063                     _SSPIF	set	99
   388  0066                     _ADIF	set	102
   389  0094                     _SSPSTATbits	set	148
   390  0085                     _TRISAbits	set	133
   391  0094                     _SSPSTAT	set	148
   392  0089                     _TRISE	set	137
   393  0087                     _TRISC	set	135
   394  0099                     _SPBRG	set	153
   395  008C                     _PIE1bits	set	140
   396  009F                     _ADCON1bits	set	159
   397  0088                     _TRISD	set	136
   398  0086                     _TRISB	set	134
   399  0085                     _TRISA	set	133
   400  043B                     _TRISC3	set	1083
   401  043D                     _TRISC5	set	1085
   402  04C4                     _SYNC	set	1220
   403  04C5                     _TXEN	set	1221
   404  040B                     _PSA	set	1035
   405  040D                     _T0CS	set	1037
   406  040A                     _PS2	set	1034
   407  0409                     _PS1	set	1033
   408  0408                     _PS0	set	1032
   409  047E                     _IRCF2	set	1150
   410  047D                     _IRCF1	set	1149
   411  047C                     _IRCF0	set	1148
   412  0189                     _ANSELH	set	393
   413  0188                     _ANSEL	set	392
   414                           
   415                           	psect	cinit
   416  000F                     start_initialization:	
   417                           ; #config settings
   418                           
   419  000F                     __initialization:
   420                           
   421                           ; Clear objects allocated to COMMON
   422  000F  01F7               	clrf	__pbssCOMMON& (0+127)
   423  0010  01F8               	clrf	(__pbssCOMMON+1)& (0+127)
   424  0011  01F9               	clrf	(__pbssCOMMON+2)& (0+127)
   425  0012                     end_of_initialization:	
   426                           ;End of C runtime variable initialization code
   427                           
   428  0012                     __end_of__initialization:
   429  0012  0183               	clrf	3
   430  0013  120A  118A  287E   	ljmp	_main	;jump to C main() function
   431                           
   432                           	psect	bssCOMMON
   433  0077                     __pbssCOMMON:
   434  0077                     _temp1:
   435  0077                     	ds	1
   436  0078                     _V_ADC_1:
   437  0078                     	ds	1
   438  0079                     _V_ADC_0:
   439  0079                     	ds	1
   440                           
   441                           	psect	cstackCOMMON
   442  0070                     __pcstackCOMMON:
   443  0070                     ?_Valor_ADC:
   444  0070                     ??_Valor_ADC:	
   445                           ; 1 bytes @ 0x0
   446                           
   447  0070                     ?_spiWrite:	
   448                           ; 1 bytes @ 0x0
   449                           
   450  0070                     ??_spiWrite:	
   451                           ; 1 bytes @ 0x0
   452                           
   453  0070                     ?_config:	
   454                           ; 1 bytes @ 0x0
   455                           
   456  0070                     ?_Config_Oscilador:	
   457                           ; 1 bytes @ 0x0
   458                           
   459  0070                     ?_Config_ADC:	
   460                           ; 1 bytes @ 0x0
   461                           
   462  0070                     ?_Config_USART:	
   463                           ; 1 bytes @ 0x0
   464                           
   465  0070                     ?_Init_Slave:	
   466                           ; 1 bytes @ 0x0
   467                           
   468  0070                     ?_isr:	
   469                           ; 1 bytes @ 0x0
   470                           
   471  0070                     ?_main:	
   472                           ; 1 bytes @ 0x0
   473                           
   474  0070                     spiWrite@dat:	
   475                           ; 1 bytes @ 0x0
   476                           
   477                           
   478                           ; 1 bytes @ 0x0
   479  0070                     	ds	1
   480  0071                     Valor_ADC@canal:
   481                           
   482                           ; 1 bytes @ 0x1
   483  0071                     	ds	1
   484  0072                     Valor_ADC@temp:
   485                           
   486                           ; 1 bytes @ 0x2
   487  0072                     	ds	1
   488  0073                     ??_isr:
   489                           
   490                           ; 1 bytes @ 0x3
   491  0073                     	ds	3
   492  0076                     ??_config:
   493  0076                     ??_Config_Oscilador:	
   494                           ; 1 bytes @ 0x6
   495                           
   496  0076                     ??_Config_ADC:	
   497                           ; 1 bytes @ 0x6
   498                           
   499  0076                     ??_Config_USART:	
   500                           ; 1 bytes @ 0x6
   501                           
   502  0076                     ??_Init_Slave:	
   503                           ; 1 bytes @ 0x6
   504                           
   505                           
   506                           ; 1 bytes @ 0x6
   507  0076                     	ds	1
   508  0077                     ??_main:
   509                           
   510                           	psect	maintext
   511  007E                     __pmaintext:	
   512                           ; 1 bytes @ 0x7
   513 ;;
   514 ;;Main: autosize = 0, tempsize = 0, incstack = 0, save=0
   515 ;;
   516 ;; *************** function _main *****************
   517 ;; Defined at:
   518 ;;		line 95 in file "Lab_03_Slave.c"
   519 ;; Parameters:    Size  Location     Type
   520 ;;		None
   521 ;; Auto vars:     Size  Location     Type
   522 ;;		None
   523 ;; Return value:  Size  Location     Type
   524 ;;                  1    wreg      void 
   525 ;; Registers used:
   526 ;;		wreg, status,2, status,0, pclath, cstack
   527 ;; Tracked objects:
   528 ;;		On entry : B00/0
   529 ;;		On exit  : 0/0
   530 ;;		Unchanged: 0/0
   531 ;; Data sizes:     COMMON   BANK0   BANK1   BANK3   BANK2
   532 ;;      Params:         0       0       0       0       0
   533 ;;      Locals:         0       0       0       0       0
   534 ;;      Temps:          0       0       0       0       0
   535 ;;      Totals:         0       0       0       0       0
   536 ;;Total ram usage:        0 bytes
   537 ;; Hardware stack levels required when called: 3
   538 ;; This function calls:
   539 ;;		_Config_ADC
   540 ;;		_Config_Oscilador
   541 ;;		_Config_USART
   542 ;;		_Init_Slave
   543 ;;		_config
   544 ;; This function is called by:
   545 ;;		Startup code after reset
   546 ;; This function uses a non-reentrant model
   547 ;;
   548                           
   549                           
   550                           ;psect for function _main
   551  007E                     _main:
   552  007E                     l939:	
   553                           ;incstack = 0
   554                           ; Regs used in _main: [wreg+status,2+status,0+pclath+cstack]
   555                           
   556  007E  120A  118A  20DF  120A  118A  	fcall	_config
   557  0083  120A  118A  20F1  120A  118A  	fcall	_Config_Oscilador
   558  0088  120A  118A  205E  120A  118A  	fcall	_Config_ADC
   559  008D  120A  118A  20CC  120A  118A  	fcall	_Config_USART
   560  0092                     l941:
   561  0092  120A  118A  20B5  120A  118A  	fcall	_Init_Slave
   562  0097                     l61:
   563  0097                     l62:
   564  0097  2897               	goto	l61
   565  0098  120A  118A  280C   	ljmp	start
   566  009B                     __end_of_main:
   567                           
   568                           	psect	text1
   569  00DF                     __ptext1:	
   570 ;; *************** function _config *****************
   571 ;; Defined at:
   572 ;;		line 113 in file "Lab_03_Slave.c"
   573 ;; Parameters:    Size  Location     Type
   574 ;;		None
   575 ;; Auto vars:     Size  Location     Type
   576 ;;		None
   577 ;; Return value:  Size  Location     Type
   578 ;;                  1    wreg      void 
   579 ;; Registers used:
   580 ;;		wreg, status,2
   581 ;; Tracked objects:
   582 ;;		On entry : 0/0
   583 ;;		On exit  : 0/0
   584 ;;		Unchanged: 0/0
   585 ;; Data sizes:     COMMON   BANK0   BANK1   BANK3   BANK2
   586 ;;      Params:         0       0       0       0       0
   587 ;;      Locals:         0       0       0       0       0
   588 ;;      Temps:          0       0       0       0       0
   589 ;;      Totals:         0       0       0       0       0
   590 ;;Total ram usage:        0 bytes
   591 ;; Hardware stack levels used: 1
   592 ;; Hardware stack levels required when called: 2
   593 ;; This function calls:
   594 ;;		Nothing
   595 ;; This function is called by:
   596 ;;		_main
   597 ;; This function uses a non-reentrant model
   598 ;;
   599                           
   600                           
   601                           ;psect for function _config
   602  00DF                     _config:
   603  00DF                     l851:	
   604                           ;incstack = 0
   605                           ; Regs used in _config: [wreg+status,2]
   606                           
   607  00DF  3023               	movlw	35
   608  00E0  1683               	bsf	3,5	;RP0=1, select bank1
   609  00E1  1303               	bcf	3,6	;RP1=0, select bank1
   610  00E2  0085               	movwf	5	;volatile
   611  00E3                     l853:
   612  00E3  0186               	clrf	6	;volatile
   613  00E4                     l855:
   614  00E4  0188               	clrf	8	;volatile
   615  00E5  3003               	movlw	3
   616  00E6  1683               	bsf	3,5	;RP0=1, select bank3
   617  00E7  1703               	bsf	3,6	;RP1=1, select bank3
   618  00E8  0088               	movwf	8	;volatile
   619  00E9                     l857:
   620  00E9  0189               	clrf	9	;volatile
   621  00EA                     l859:
   622  00EA  1283               	bcf	3,5	;RP0=0, select bank0
   623  00EB  1303               	bcf	3,6	;RP1=0, select bank0
   624  00EC  0186               	clrf	6	;volatile
   625  00ED                     l861:
   626  00ED  0187               	clrf	7	;volatile
   627  00EE                     l863:
   628  00EE  0188               	clrf	8	;volatile
   629  00EF                     l865:
   630  00EF  0189               	clrf	9	;volatile
   631  00F0                     l67:
   632  00F0  0008               	return
   633  00F1                     __end_of_config:
   634                           
   635                           	psect	text2
   636  00B5                     __ptext2:	
   637 ;; *************** function _Init_Slave *****************
   638 ;; Defined at:
   639 ;;		line 36 in file "../../LIB/LIB.X/SPI.c"
   640 ;; Parameters:    Size  Location     Type
   641 ;;		None
   642 ;; Auto vars:     Size  Location     Type
   643 ;;		None
   644 ;; Return value:  Size  Location     Type
   645 ;;                  1    wreg      void 
   646 ;; Registers used:
   647 ;;		status,2
   648 ;; Tracked objects:
   649 ;;		On entry : 0/0
   650 ;;		On exit  : 0/0
   651 ;;		Unchanged: 0/0
   652 ;; Data sizes:     COMMON   BANK0   BANK1   BANK3   BANK2
   653 ;;      Params:         0       0       0       0       0
   654 ;;      Locals:         0       0       0       0       0
   655 ;;      Temps:          0       0       0       0       0
   656 ;;      Totals:         0       0       0       0       0
   657 ;;Total ram usage:        0 bytes
   658 ;; Hardware stack levels used: 1
   659 ;; Hardware stack levels required when called: 2
   660 ;; This function calls:
   661 ;;		Nothing
   662 ;; This function is called by:
   663 ;;		_main
   664 ;; This function uses a non-reentrant model
   665 ;;
   666                           
   667                           
   668                           ;psect for function _Init_Slave
   669  00B5                     _Init_Slave:
   670  00B5                     l895:	
   671                           ;incstack = 0
   672                           ; Regs used in _Init_Slave: [status,2]
   673                           
   674                           
   675                           ;../../LIB/LIB.X/SPI.c: 38:     INTCONbits.GIE = 1;
   676  00B5  178B               	bsf	11,7	;volatile
   677                           
   678                           ;../../LIB/LIB.X/SPI.c: 39:     INTCONbits.PEIE = 1;
   679  00B6  170B               	bsf	11,6	;volatile
   680                           
   681                           ;../../LIB/LIB.X/SPI.c: 40:     PIR1bits.SSPIF = 0;
   682  00B7  1283               	bcf	3,5	;RP0=0, select bank0
   683  00B8  1303               	bcf	3,6	;RP1=0, select bank0
   684  00B9  118C               	bcf	12,3	;volatile
   685                           
   686                           ;../../LIB/LIB.X/SPI.c: 41:     PIE1bits.SSPIE = 1;
   687  00BA  1683               	bsf	3,5	;RP0=1, select bank1
   688  00BB  1303               	bcf	3,6	;RP1=0, select bank1
   689  00BC  158C               	bsf	12,3	;volatile
   690                           
   691                           ;../../LIB/LIB.X/SPI.c: 42:     TRISAbits.TRISA5 = 1;
   692  00BD  1685               	bsf	5,5	;volatile
   693                           
   694                           ;../../LIB/LIB.X/SPI.c: 44:     TRISC5 = 0;
   695  00BE  1287               	bcf	7,5	;volatile
   696  00BF                     l897:
   697                           
   698                           ;../../LIB/LIB.X/SPI.c: 46:     SSPCON = 0x00;
   699  00BF  1283               	bcf	3,5	;RP0=0, select bank0
   700  00C0  1303               	bcf	3,6	;RP1=0, select bank0
   701  00C1  0194               	clrf	20	;volatile
   702  00C2                     l899:
   703                           
   704                           ;../../LIB/LIB.X/SPI.c: 47:     SSPCONbits.SSPM0 = 0;
   705  00C2  1014               	bcf	20,0	;volatile
   706  00C3                     l901:
   707                           
   708                           ;../../LIB/LIB.X/SPI.c: 48:     SSPCONbits.SSPM1 = 0;
   709  00C3  1094               	bcf	20,1	;volatile
   710  00C4                     l903:
   711                           
   712                           ;../../LIB/LIB.X/SPI.c: 49:     SSPCONbits.SSPM2 = 1;
   713  00C4  1514               	bsf	20,2	;volatile
   714  00C5                     l905:
   715                           
   716                           ;../../LIB/LIB.X/SPI.c: 50:     SSPCONbits.SSPM3 = 0;
   717  00C5  1194               	bcf	20,3	;volatile
   718  00C6                     l907:
   719                           
   720                           ;../../LIB/LIB.X/SPI.c: 54:     SSPCONbits.SSPEN = 1;
   721  00C6  1694               	bsf	20,5	;volatile
   722                           
   723                           ;../../LIB/LIB.X/SPI.c: 57:     SSPSTAT = 0x00;
   724  00C7  1683               	bsf	3,5	;RP0=1, select bank1
   725  00C8  1303               	bcf	3,6	;RP1=0, select bank1
   726  00C9  0194               	clrf	20	;volatile
   727  00CA                     l909:
   728                           
   729                           ;../../LIB/LIB.X/SPI.c: 58:     TRISC3 = 1;
   730  00CA  1587               	bsf	7,3	;volatile
   731  00CB                     l230:
   732  00CB  0008               	return
   733  00CC                     __end_of_Init_Slave:
   734                           
   735                           	psect	text3
   736  00CC                     __ptext3:	
   737 ;; *************** function _Config_USART *****************
   738 ;; Defined at:
   739 ;;		line 45 in file "../../LIB/LIB.X/LIB.c"
   740 ;; Parameters:    Size  Location     Type
   741 ;;		None
   742 ;; Auto vars:     Size  Location     Type
   743 ;;		None
   744 ;; Return value:  Size  Location     Type
   745 ;;                  1    wreg      void 
   746 ;; Registers used:
   747 ;;		wreg
   748 ;; Tracked objects:
   749 ;;		On entry : 0/0
   750 ;;		On exit  : 0/0
   751 ;;		Unchanged: 0/0
   752 ;; Data sizes:     COMMON   BANK0   BANK1   BANK3   BANK2
   753 ;;      Params:         0       0       0       0       0
   754 ;;      Locals:         0       0       0       0       0
   755 ;;      Temps:          0       0       0       0       0
   756 ;;      Totals:         0       0       0       0       0
   757 ;;Total ram usage:        0 bytes
   758 ;; Hardware stack levels used: 1
   759 ;; Hardware stack levels required when called: 2
   760 ;; This function calls:
   761 ;;		Nothing
   762 ;; This function is called by:
   763 ;;		_main
   764 ;; This function uses a non-reentrant model
   765 ;;
   766                           
   767                           
   768                           ;psect for function _Config_USART
   769  00CC                     _Config_USART:
   770  00CC                     l891:	
   771                           ;incstack = 0
   772                           ; Regs used in _Config_USART: [wreg]
   773                           
   774                           
   775                           ;../../LIB/LIB.X/LIB.c: 47:     TXEN = 1;
   776  00CC  1683               	bsf	3,5	;RP0=1, select bank1
   777  00CD  1303               	bcf	3,6	;RP1=0, select bank1
   778  00CE  1698               	bsf	24,5	;volatile
   779                           
   780                           ;../../LIB/LIB.X/LIB.c: 48:     SYNC = 0;
   781  00CF  1218               	bcf	24,4	;volatile
   782                           
   783                           ;../../LIB/LIB.X/LIB.c: 49:     SPEN = 1;
   784  00D0  1283               	bcf	3,5	;RP0=0, select bank0
   785  00D1  1303               	bcf	3,6	;RP1=0, select bank0
   786  00D2  1798               	bsf	24,7	;volatile
   787                           
   788                           ;../../LIB/LIB.X/LIB.c: 52:     CREN = 1;
   789  00D3  1618               	bsf	24,4	;volatile
   790                           
   791                           ;../../LIB/LIB.X/LIB.c: 53:     PIE1bits.RCIE = 1;
   792  00D4  1683               	bsf	3,5	;RP0=1, select bank1
   793  00D5  1303               	bcf	3,6	;RP1=0, select bank1
   794  00D6  168C               	bsf	12,5	;volatile
   795                           
   796                           ;../../LIB/LIB.X/LIB.c: 54:     PIR1bits.RCIF = 0;
   797  00D7  1283               	bcf	3,5	;RP0=0, select bank0
   798  00D8  1303               	bcf	3,6	;RP1=0, select bank0
   799  00D9  128C               	bcf	12,5	;volatile
   800  00DA                     l893:
   801                           
   802                           ;../../LIB/LIB.X/LIB.c: 55:     SPBRG=12;
   803  00DA  300C               	movlw	12
   804  00DB  1683               	bsf	3,5	;RP0=1, select bank1
   805  00DC  1303               	bcf	3,6	;RP1=0, select bank1
   806  00DD  0099               	movwf	25	;volatile
   807  00DE                     l161:
   808  00DE  0008               	return
   809  00DF                     __end_of_Config_USART:
   810                           
   811                           	psect	text4
   812  00F1                     __ptext4:	
   813 ;; *************** function _Config_Oscilador *****************
   814 ;; Defined at:
   815 ;;		line 7 in file "../../LIB/LIB.X/LIB.c"
   816 ;; Parameters:    Size  Location     Type
   817 ;;		None
   818 ;; Auto vars:     Size  Location     Type
   819 ;;		None
   820 ;; Return value:  Size  Location     Type
   821 ;;                  1    wreg      void 
   822 ;; Registers used:
   823 ;;		wreg
   824 ;; Tracked objects:
   825 ;;		On entry : 0/0
   826 ;;		On exit  : 0/0
   827 ;;		Unchanged: 0/0
   828 ;; Data sizes:     COMMON   BANK0   BANK1   BANK3   BANK2
   829 ;;      Params:         0       0       0       0       0
   830 ;;      Locals:         0       0       0       0       0
   831 ;;      Temps:          0       0       0       0       0
   832 ;;      Totals:         0       0       0       0       0
   833 ;;Total ram usage:        0 bytes
   834 ;; Hardware stack levels used: 1
   835 ;; Hardware stack levels required when called: 2
   836 ;; This function calls:
   837 ;;		Nothing
   838 ;; This function is called by:
   839 ;;		_main
   840 ;; This function uses a non-reentrant model
   841 ;;
   842                           
   843                           
   844                           ;psect for function _Config_Oscilador
   845  00F1                     _Config_Oscilador:
   846  00F1                     l867:	
   847                           ;incstack = 0
   848                           ; Regs used in _Config_Oscilador: [wreg]
   849                           
   850                           
   851                           ;../../LIB/LIB.X/LIB.c: 9:     IRCF0 = 1;
   852  00F1  1683               	bsf	3,5	;RP0=1, select bank1
   853  00F2  1303               	bcf	3,6	;RP1=0, select bank1
   854  00F3  160F               	bsf	15,4	;volatile
   855                           
   856                           ;../../LIB/LIB.X/LIB.c: 10:     IRCF1 = 1;
   857  00F4  168F               	bsf	15,5	;volatile
   858                           
   859                           ;../../LIB/LIB.X/LIB.c: 11:     IRCF2 = 1;
   860  00F5  170F               	bsf	15,6	;volatile
   861  00F6                     l869:
   862                           
   863                           ;../../LIB/LIB.X/LIB.c: 12:     INTCON = 0b11101000;
   864  00F6  30E8               	movlw	232
   865  00F7  008B               	movwf	11	;volatile
   866  00F8                     l152:
   867  00F8  0008               	return
   868  00F9                     __end_of_Config_Oscilador:
   869                           
   870                           	psect	text5
   871  005E                     __ptext5:	
   872 ;; *************** function _Config_ADC *****************
   873 ;; Defined at:
   874 ;;		line 29 in file "../../LIB/LIB.X/LIB.c"
   875 ;; Parameters:    Size  Location     Type
   876 ;;		None
   877 ;; Auto vars:     Size  Location     Type
   878 ;;		None
   879 ;; Return value:  Size  Location     Type
   880 ;;                  1    wreg      void 
   881 ;; Registers used:
   882 ;;		wreg, status,2, status,0
   883 ;; Tracked objects:
   884 ;;		On entry : 0/0
   885 ;;		On exit  : 0/0
   886 ;;		Unchanged: 0/0
   887 ;; Data sizes:     COMMON   BANK0   BANK1   BANK3   BANK2
   888 ;;      Params:         0       0       0       0       0
   889 ;;      Locals:         0       0       0       0       0
   890 ;;      Temps:          1       0       0       0       0
   891 ;;      Totals:         1       0       0       0       0
   892 ;;Total ram usage:        1 bytes
   893 ;; Hardware stack levels used: 1
   894 ;; Hardware stack levels required when called: 2
   895 ;; This function calls:
   896 ;;		Nothing
   897 ;; This function is called by:
   898 ;;		_main
   899 ;; This function uses a non-reentrant model
   900 ;;
   901                           
   902                           
   903                           ;psect for function _Config_ADC
   904  005E                     _Config_ADC:
   905  005E                     l871:	
   906                           ;incstack = 0
   907                           ; Regs used in _Config_ADC: [wreg+status,2+status,0]
   908                           
   909                           
   910                           ;../../LIB/LIB.X/LIB.c: 30:     ADCON0bits.ADCS0 = 0;
   911  005E  1283               	bcf	3,5	;RP0=0, select bank0
   912  005F  1303               	bcf	3,6	;RP1=0, select bank0
   913  0060  131F               	bcf	31,6	;volatile
   914                           
   915                           ;../../LIB/LIB.X/LIB.c: 31:     ADCON0bits.ADCS1 = 1;
   916  0061  179F               	bsf	31,7	;volatile
   917                           
   918                           ;../../LIB/LIB.X/LIB.c: 32:     ADCON1bits.VCFG0 = 0;
   919  0062  1683               	bsf	3,5	;RP0=1, select bank1
   920  0063  1303               	bcf	3,6	;RP1=0, select bank1
   921  0064  121F               	bcf	31,4	;volatile
   922                           
   923                           ;../../LIB/LIB.X/LIB.c: 33:     ADCON1bits.VCFG1 = 0;
   924  0065  129F               	bcf	31,5	;volatile
   925  0066                     l873:
   926                           
   927                           ;../../LIB/LIB.X/LIB.c: 34:     ADCON0bits.CHS = 0;
   928  0066  30C3               	movlw	-61
   929  0067  1283               	bcf	3,5	;RP0=0, select bank0
   930  0068  1303               	bcf	3,6	;RP1=0, select bank0
   931  0069  059F               	andwf	31,f	;volatile
   932  006A                     l875:
   933                           
   934                           ;../../LIB/LIB.X/LIB.c: 35:     ADCON1bits.ADFM = 0;
   935  006A  1683               	bsf	3,5	;RP0=1, select bank1
   936  006B  1303               	bcf	3,6	;RP1=0, select bank1
   937  006C  139F               	bcf	31,7	;volatile
   938  006D                     l877:
   939                           
   940                           ;../../LIB/LIB.X/LIB.c: 36:     ADCON0bits.ADON = 1;
   941  006D  1283               	bcf	3,5	;RP0=0, select bank0
   942  006E  1303               	bcf	3,6	;RP1=0, select bank0
   943  006F  141F               	bsf	31,0	;volatile
   944  0070                     l879:
   945                           
   946                           ;../../LIB/LIB.X/LIB.c: 37:     ADIF = 0;
   947  0070  130C               	bcf	12,6	;volatile
   948  0071                     l881:
   949                           
   950                           ;../../LIB/LIB.X/LIB.c: 38:     PIE1bits.ADIE = 1;
   951  0071  1683               	bsf	3,5	;RP0=1, select bank1
   952  0072  1303               	bcf	3,6	;RP1=0, select bank1
   953  0073  170C               	bsf	12,6	;volatile
   954  0074                     l883:
   955                           
   956                           ;../../LIB/LIB.X/LIB.c: 39:     INTCONbits.PEIE = 1;
   957  0074  170B               	bsf	11,6	;volatile
   958  0075                     l885:
   959                           
   960                           ;../../LIB/LIB.X/LIB.c: 40:     INTCONbits.GIE = 1;
   961  0075  178B               	bsf	11,7	;volatile
   962  0076                     l887:
   963                           
   964                           ;../../LIB/LIB.X/LIB.c: 42:     _delay((unsigned long)((50)*(8000000/4000000.0)));
   965  0076  3021               	movlw	33
   966  0077  00F6               	movwf	??_Config_ADC
   967  0078                     u197:
   968  0078  0BF6               	decfsz	??_Config_ADC,f
   969  0079  2878               	goto	u197
   970  007A                     l889:
   971                           
   972                           ;../../LIB/LIB.X/LIB.c: 43:     ADCON0bits.GO = 1;
   973  007A  1283               	bcf	3,5	;RP0=0, select bank0
   974  007B  1303               	bcf	3,6	;RP1=0, select bank0
   975  007C  149F               	bsf	31,1	;volatile
   976  007D                     l158:
   977  007D  0008               	return
   978  007E                     __end_of_Config_ADC:
   979                           
   980                           	psect	text6
   981  0016                     __ptext6:	
   982 ;; *************** function _isr *****************
   983 ;; Defined at:
   984 ;;		line 61 in file "Lab_03_Slave.c"
   985 ;; Parameters:    Size  Location     Type
   986 ;;		None
   987 ;; Auto vars:     Size  Location     Type
   988 ;;		None
   989 ;; Return value:  Size  Location     Type
   990 ;;                  1    wreg      void 
   991 ;; Registers used:
   992 ;;		wreg, status,2, status,0, pclath, cstack
   993 ;; Tracked objects:
   994 ;;		On entry : 0/0
   995 ;;		On exit  : 0/0
   996 ;;		Unchanged: 0/0
   997 ;; Data sizes:     COMMON   BANK0   BANK1   BANK3   BANK2
   998 ;;      Params:         0       0       0       0       0
   999 ;;      Locals:         0       0       0       0       0
  1000 ;;      Temps:          3       0       0       0       0
  1001 ;;      Totals:         3       0       0       0       0
  1002 ;;Total ram usage:        3 bytes
  1003 ;; Hardware stack levels used: 1
  1004 ;; Hardware stack levels required when called: 1
  1005 ;; This function calls:
  1006 ;;		_Valor_ADC
  1007 ;;		_spiWrite
  1008 ;; This function is called by:
  1009 ;;		Interrupt level 1
  1010 ;; This function uses a non-reentrant model
  1011 ;;
  1012                           
  1013                           
  1014                           ;psect for function _isr
  1015  0016                     _isr:
  1016  0016                     i1l911:
  1017                           
  1018                           ;Lab_03_Slave.c: 63:     }
  1019  0016  1283               	bcf	3,5	;RP0=0, select bank0
  1020  0017  1303               	bcf	3,6	;RP1=0, select bank0
  1021  0018  1F0C               	btfss	12,6	;volatile
  1022  0019  281B               	goto	u1_21
  1023  001A  281C               	goto	u1_20
  1024  001B                     u1_21:
  1025  001B  2834               	goto	i1l921
  1026  001C                     u1_20:
  1027  001C                     i1l913:
  1028                           
  1029                           ;Lab_03_Slave.c: 64: }
  1030  001C  130C               	bcf	12,6	;volatile
  1031  001D                     i1l915:
  1032                           
  1033                           ;Lab_03_Slave.c: 65: 
  1034  001D  3000               	movlw	0
  1035  001E  120A  118A  209B  120A  118A  	fcall	_Valor_ADC
  1036  0023  00F3               	movwf	??_isr
  1037  0024  0873               	movf	??_isr,w
  1038  0025  00F9               	movwf	_V_ADC_0
  1039  0026                     i1l917:
  1040                           
  1041                           ;Lab_03_Slave.c: 66: void config(void){
  1042  0026  3006               	movlw	6
  1043  0027  00F3               	movwf	??_isr
  1044  0028                     u20_27:
  1045  0028  0BF3               	decfsz	??_isr,f
  1046  0029  2828               	goto	u20_27
  1047  002A  0000               	nop
  1048  002B                     i1l919:
  1049                           
  1050                           ;Lab_03_Slave.c: 67:     TRISA = 0b100011;
  1051  002B  3001               	movlw	1
  1052  002C  120A  118A  209B  120A  118A  	fcall	_Valor_ADC
  1053  0031  00F3               	movwf	??_isr
  1054  0032  0873               	movf	??_isr,w
  1055  0033  00F8               	movwf	_V_ADC_1
  1056  0034                     i1l921:
  1057                           
  1058                           ;Lab_03_Slave.c: 73: 
  1059  0034  1283               	bcf	3,5	;RP0=0, select bank0
  1060  0035  1303               	bcf	3,6	;RP1=0, select bank0
  1061  0036  1D8C               	btfss	12,3	;volatile
  1062  0037  2839               	goto	u2_21
  1063  0038  283A               	goto	u2_20
  1064  0039                     u2_21:
  1065  0039  2852               	goto	i1l935
  1066  003A                     u2_20:
  1067  003A                     i1l923:
  1068                           
  1069                           ;Lab_03_Slave.c: 74: 
  1070  003A  0877               	movf	_temp1,w
  1071  003B  1D03               	btfss	3,2
  1072  003C  283E               	goto	u3_21
  1073  003D  283F               	goto	u3_20
  1074  003E                     u3_21:
  1075  003E  2848               	goto	i1l929
  1076  003F                     u3_20:
  1077  003F                     i1l925:
  1078                           
  1079                           ;Lab_03_Slave.c: 75: 
  1080  003F  0879               	movf	_V_ADC_0,w
  1081  0040  120A  118A  20F9  120A  118A  	fcall	_spiWrite
  1082  0045                     i1l927:
  1083                           
  1084                           ;Lab_03_Slave.c: 76:     PORTB = 0;
  1085  0045  01F7               	clrf	_temp1
  1086  0046  0AF7               	incf	_temp1,f
  1087                           
  1088                           ;Lab_03_Slave.c: 77:     PORTC = 0;
  1089  0047  284F               	goto	i1l933
  1090  0048                     i1l929:
  1091                           
  1092                           ;Lab_03_Slave.c: 78:     PORTD = 0;
  1093  0048  0878               	movf	_V_ADC_1,w
  1094  0049  120A  118A  20F9  120A  118A  	fcall	_spiWrite
  1095  004E                     i1l931:
  1096                           
  1097                           ;Lab_03_Slave.c: 79:     PORTE = 0;
  1098  004E  01F7               	clrf	_temp1
  1099  004F                     i1l933:
  1100  004F  1283               	bcf	3,5	;RP0=0, select bank0
  1101  0050  1303               	bcf	3,6	;RP1=0, select bank0
  1102  0051  118C               	bcf	12,3	;volatile
  1103  0052                     i1l935:
  1104  0052  1E8C               	btfss	12,5	;volatile
  1105  0053  2855               	goto	u4_21
  1106  0054  2856               	goto	u4_20
  1107  0055                     u4_21:
  1108  0055  2857               	goto	i1l56
  1109  0056                     u4_20:
  1110  0056                     i1l937:
  1111  0056  128C               	bcf	12,5	;volatile
  1112  0057                     i1l56:
  1113  0057  0875               	movf	??_isr+2,w
  1114  0058  008A               	movwf	10
  1115  0059  0E74               	swapf	??_isr+1,w
  1116  005A  0083               	movwf	3
  1117  005B  0EFE               	swapf	btemp,f
  1118  005C  0E7E               	swapf	btemp,w
  1119  005D  0009               	retfie
  1120  005E                     __end_of_isr:
  1121                           
  1122                           	psect	intentry
  1123  0004                     __pintentry:	
  1124                           ;incstack = 0
  1125                           ; Regs used in _isr: [wreg+status,2+status,0+pclath+cstack]
  1126                           
  1127  0004                     interrupt_function:
  1128  007E                     saved_w	set	btemp
  1129  0004  00FE               	movwf	btemp
  1130  0005  0E03               	swapf	3,w
  1131  0006  00F4               	movwf	??_isr+1
  1132  0007  080A               	movf	10,w
  1133  0008  00F5               	movwf	??_isr+2
  1134  0009  120A  118A  2816   	ljmp	_isr
  1135                           
  1136                           	psect	text7
  1137  00F9                     __ptext7:	
  1138 ;; *************** function _spiWrite *****************
  1139 ;; Defined at:
  1140 ;;		line 61 in file "../../LIB/LIB.X/SPI.c"
  1141 ;; Parameters:    Size  Location     Type
  1142 ;;  dat             1    wreg     unsigned char 
  1143 ;; Auto vars:     Size  Location     Type
  1144 ;;  dat             1    0[COMMON] unsigned char 
  1145 ;; Return value:  Size  Location     Type
  1146 ;;                  1    wreg      void 
  1147 ;; Registers used:
  1148 ;;		wreg
  1149 ;; Tracked objects:
  1150 ;;		On entry : 0/0
  1151 ;;		On exit  : 0/0
  1152 ;;		Unchanged: 0/0
  1153 ;; Data sizes:     COMMON   BANK0   BANK1   BANK3   BANK2
  1154 ;;      Params:         0       0       0       0       0
  1155 ;;      Locals:         1       0       0       0       0
  1156 ;;      Temps:          0       0       0       0       0
  1157 ;;      Totals:         1       0       0       0       0
  1158 ;;Total ram usage:        1 bytes
  1159 ;; Hardware stack levels used: 1
  1160 ;; This function calls:
  1161 ;;		Nothing
  1162 ;; This function is called by:
  1163 ;;		_isr
  1164 ;;		_SPI
  1165 ;; This function uses a non-reentrant model
  1166 ;;
  1167                           
  1168                           
  1169                           ;psect for function _spiWrite
  1170  00F9                     _spiWrite:
  1171                           
  1172                           ;incstack = 0
  1173                           ; Regs used in _spiWrite: [wreg]
  1174                           ;spiWrite@dat stored from wreg
  1175  00F9  00F0               	movwf	spiWrite@dat
  1176  00FA                     i1l849:
  1177                           
  1178                           ;../../LIB/LIB.X/SPI.c: 63:     SSPBUF = dat;
  1179  00FA  0870               	movf	spiWrite@dat,w
  1180  00FB  1283               	bcf	3,5	;RP0=0, select bank0
  1181  00FC  1303               	bcf	3,6	;RP1=0, select bank0
  1182  00FD  0093               	movwf	19	;volatile
  1183  00FE                     i1l233:
  1184  00FE  0008               	return
  1185  00FF                     __end_of_spiWrite:
  1186                           
  1187                           	psect	text8
  1188  009B                     __ptext8:	
  1189 ;; *************** function _Valor_ADC *****************
  1190 ;; Defined at:
  1191 ;;		line 76 in file "../../LIB/LIB.X/LIB.c"
  1192 ;; Parameters:    Size  Location     Type
  1193 ;;  canal           1    wreg     unsigned char 
  1194 ;; Auto vars:     Size  Location     Type
  1195 ;;  canal           1    1[COMMON] unsigned char 
  1196 ;;  temp            1    2[COMMON] unsigned char 
  1197 ;; Return value:  Size  Location     Type
  1198 ;;                  1    wreg      unsigned char 
  1199 ;; Registers used:
  1200 ;;		wreg, status,2, status,0
  1201 ;; Tracked objects:
  1202 ;;		On entry : 0/0
  1203 ;;		On exit  : 0/0
  1204 ;;		Unchanged: 0/0
  1205 ;; Data sizes:     COMMON   BANK0   BANK1   BANK3   BANK2
  1206 ;;      Params:         0       0       0       0       0
  1207 ;;      Locals:         2       0       0       0       0
  1208 ;;      Temps:          1       0       0       0       0
  1209 ;;      Totals:         3       0       0       0       0
  1210 ;;Total ram usage:        3 bytes
  1211 ;; Hardware stack levels used: 1
  1212 ;; This function calls:
  1213 ;;		Nothing
  1214 ;; This function is called by:
  1215 ;;		_isr
  1216 ;; This function uses a non-reentrant model
  1217 ;;
  1218                           
  1219                           
  1220                           ;psect for function _Valor_ADC
  1221  009B                     _Valor_ADC:
  1222                           
  1223                           ;incstack = 0
  1224                           ; Regs used in _Valor_ADC: [wreg+status,2+status,0]
  1225                           ;Valor_ADC@canal stored from wreg
  1226  009B  00F1               	movwf	Valor_ADC@canal
  1227  009C                     i1l837:
  1228                           
  1229                           ;../../LIB/LIB.X/LIB.c: 77:     char temp;;../../LIB/LIB.X/LIB.c: 78:     ADCON0bits.CHS
      +                           = canal;
  1230  009C  0871               	movf	Valor_ADC@canal,w
  1231  009D  00F0               	movwf	??_Valor_ADC
  1232  009E  0DF0               	rlf	??_Valor_ADC,f
  1233  009F  0DF0               	rlf	??_Valor_ADC,f
  1234  00A0  1283               	bcf	3,5	;RP0=0, select bank0
  1235  00A1  1303               	bcf	3,6	;RP1=0, select bank0
  1236  00A2  081F               	movf	31,w	;volatile
  1237  00A3  0670               	xorwf	??_Valor_ADC,w
  1238  00A4  39C3               	andlw	-61
  1239  00A5  0670               	xorwf	??_Valor_ADC,w
  1240  00A6  009F               	movwf	31	;volatile
  1241  00A7                     i1l839:
  1242                           
  1243                           ;../../LIB/LIB.X/LIB.c: 79:     temp = ADRESH;
  1244  00A7  081E               	movf	30,w	;volatile
  1245  00A8  00F0               	movwf	??_Valor_ADC
  1246  00A9  0870               	movf	??_Valor_ADC,w
  1247  00AA  00F2               	movwf	Valor_ADC@temp
  1248  00AB                     i1l841:
  1249                           
  1250                           ;../../LIB/LIB.X/LIB.c: 80:     _delay((unsigned long)((100)*(8000000/4000000.0)));
  1251  00AB  3042               	movlw	66
  1252  00AC  00F0               	movwf	??_Valor_ADC
  1253  00AD                     u21_27:
  1254  00AD  0BF0               	decfsz	??_Valor_ADC,f
  1255  00AE  28AD               	goto	u21_27
  1256  00AF  0000               	nop
  1257  00B0                     i1l843:
  1258                           
  1259                           ;../../LIB/LIB.X/LIB.c: 81:     ADCON0bits.GO = 1;
  1260  00B0  1283               	bcf	3,5	;RP0=0, select bank0
  1261  00B1  1303               	bcf	3,6	;RP1=0, select bank0
  1262  00B2  149F               	bsf	31,1	;volatile
  1263  00B3                     i1l845:
  1264                           
  1265                           ;../../LIB/LIB.X/LIB.c: 82:     return temp;
  1266  00B3  0872               	movf	Valor_ADC@temp,w
  1267  00B4                     i1l167:
  1268  00B4  0008               	return
  1269  00B5                     __end_of_Valor_ADC:
  1270  007E                     btemp	set	126	;btemp
  1271  007E                     wtemp0	set	126
  1272                           
  1273                           	psect	config
  1274                           
  1275                           ;Config register CONFIG1 @ 0x2007
  1276                           ;	Oscillator Selection bits
  1277                           ;	FOSC = INTRC_NOCLKOUT, INTOSCIO oscillator: I/O function on RA6/OSC2/CLKOUT pin, I/O f
      +                          unction on RA7/OSC1/CLKIN
  1278                           ;	Watchdog Timer Enable bit
  1279                           ;	WDTE = OFF, WDT disabled and can be enabled by SWDTEN bit of the WDTCON register
  1280                           ;	Power-up Timer Enable bit
  1281                           ;	PWRTE = OFF, PWRT disabled
  1282                           ;	RE3/MCLR pin function select bit
  1283                           ;	MCLRE = OFF, RE3/MCLR pin function is digital input, MCLR internally tied to VDD
  1284                           ;	Code Protection bit
  1285                           ;	CP = OFF, Program memory code protection is disabled
  1286                           ;	Data Code Protection bit
  1287                           ;	CPD = OFF, Data memory code protection is disabled
  1288                           ;	Brown Out Reset Selection bits
  1289                           ;	BOREN = OFF, BOR disabled
  1290                           ;	Internal External Switchover bit
  1291                           ;	IESO = OFF, Internal/External Switchover mode is disabled
  1292                           ;	Fail-Safe Clock Monitor Enabled bit
  1293                           ;	FCMEN = OFF, Fail-Safe Clock Monitor is disabled
  1294                           ;	Low Voltage Programming Enable bit
  1295                           ;	LVP = OFF, RB3 pin has digital I/O, HV on MCLR must be used for programming
  1296                           ;	In-Circuit Debugger Mode bit
  1297                           ;	DEBUG = 0x1, unprogrammed default
  1298  2007                     	org	8199
  1299  2007  20D4               	dw	8404
  1300                           
  1301                           ;Config register CONFIG2 @ 0x2008
  1302                           ;	Brown-out Reset Selection bit
  1303                           ;	BOR4V = BOR40V, Brown-out Reset set to 4.0V
  1304                           ;	Flash Program Memory Self Write Enable bits
  1305                           ;	WRT = OFF, Write protection off
  1306  2008                     	org	8200
  1307  2008  3FFF               	dw	16383

Data Sizes:
    Strings     0
    Constant    0
    Data        0
    BSS         3
    Persistent  0
    Stack       0

Auto Spaces:
    Space          Size  Autos    Used
    COMMON           14      7      10
    BANK0            80      0       0
    BANK1            80      0       0
    BANK3            96      0       0
    BANK2            96      0       0

Pointer List with Targets:

    None.

Critical Paths under _main in COMMON

    _main->_Config_ADC

Critical Paths under _isr in COMMON

    _isr->_Valor_ADC

Critical Paths under _main in BANK0

    None.

Critical Paths under _isr in BANK0

    None.

Critical Paths under _main in BANK1

    None.

Critical Paths under _isr in BANK1

    None.

Critical Paths under _main in BANK3

    None.

Critical Paths under _isr in BANK3

    None.

Critical Paths under _main in BANK2

    None.

Critical Paths under _isr in BANK2

    None.

Call Graph Tables:

 ---------------------------------------------------------------------------------
 (Depth) Function   	        Calls       Base Space   Used Autos Params    Refs
 ---------------------------------------------------------------------------------
 (0) _main                                                 0     0      0       0
                         _Config_ADC
                   _Config_Oscilador
                       _Config_USART
                         _Init_Slave
                             _config
 ---------------------------------------------------------------------------------
 (1) _config                                               0     0      0       0
 ---------------------------------------------------------------------------------
 (1) _Init_Slave                                           0     0      0       0
 ---------------------------------------------------------------------------------
 (1) _Config_USART                                         0     0      0       0
 ---------------------------------------------------------------------------------
 (1) _Config_Oscilador                                     0     0      0       0
 ---------------------------------------------------------------------------------
 (1) _Config_ADC                                           1     1      0       0
                                              6 COMMON     1     1      0
 ---------------------------------------------------------------------------------
 Estimated maximum stack depth 1
 ---------------------------------------------------------------------------------
 (Depth) Function   	        Calls       Base Space   Used Autos Params    Refs
 ---------------------------------------------------------------------------------
 (2) _isr                                                  3     3      0      45
                                              3 COMMON     3     3      0
                          _Valor_ADC
                           _spiWrite
 ---------------------------------------------------------------------------------
 (3) _spiWrite                                             1     1      0      15
                                              0 COMMON     1     1      0
 ---------------------------------------------------------------------------------
 (3) _Valor_ADC                                            3     3      0      30
                                              0 COMMON     3     3      0
 ---------------------------------------------------------------------------------
 Estimated maximum stack depth 3
 ---------------------------------------------------------------------------------

 Call Graph Graphs:

 _main (ROOT)
   _Config_ADC
   _Config_Oscilador
   _Config_USART
   _Init_Slave
   _config

 _isr (ROOT)
   _Valor_ADC
   _spiWrite

 Address spaces:
Name               Size   Autos  Total    Cost      Usage
BITCOMMON            E      0       0       0        0.0%
EEDATA             100      0       0       0        0.0%
NULL                 0      0       0       0        0.0%
CODE                 0      0       0       0        0.0%
COMMON               E      7       A       1       71.4%
BITSFR0              0      0       0       1        0.0%
SFR0                 0      0       0       1        0.0%
BITSFR1              0      0       0       2        0.0%
SFR1                 0      0       0       2        0.0%
STACK                0      0       0       2        0.0%
ABS                  0      0       A       3        0.0%
BITBANK0            50      0       0       4        0.0%
BITSFR3              0      0       0       4        0.0%
SFR3                 0      0       0       4        0.0%
BANK0               50      0       0       5        0.0%
BITSFR2              0      0       0       5        0.0%
SFR2                 0      0       0       5        0.0%
BITBANK1            50      0       0       6        0.0%
BANK1               50      0       0       7        0.0%
BITBANK3            60      0       0       8        0.0%
BANK3               60      0       0       9        0.0%
BITBANK2            60      0       0      10        0.0%
BANK2               60      0       0      11        0.0%
DATA                 0      0       A      12        0.0%


Microchip Technology PIC Macro Assembler V2.32 build 20210201212658 
Symbol Table                                                                                   Tue Aug 03 21:48:08 2021

              _SSPSTATbits 0094                         l61 0097                         l62 0097  
                       l67 00F0                        l230 00CB                        l152 00F8  
                      l161 00DE                        l158 007D                        l901 00C3  
                      l903 00C4                        l905 00C5                        l907 00C6  
                      l851 00DF                        l909 00CA                        l861 00ED  
                      l853 00E3                        l941 0092                        l871 005E  
                      l863 00EE                        l855 00E4                        l881 0071  
                      l873 0066                        l865 00EF                        l857 00E9  
                      l883 0074                        l875 006A                        l867 00F1  
                      l891 00CC                        l859 00EA                        l939 007E  
                      l885 0075                        l877 006D                        l869 00F6  
                      l893 00DA                        l887 0076                        l879 0070  
                      l895 00B5                        l889 007A                        l897 00BF  
                      l899 00C2                        _RA0 0028                        _RA2 002A  
                      _PS0 0408                        _PS1 0409                        _PS2 040A  
                      u197 0078                        _PSA 040B                        _isr 0016  
                     _ADIF 0066                       ?_isr 0070                       _CREN 00C4  
                     _T0CS 040D                       _RCIF 0065                       i1l56 0057  
                     _TMR0 0001                       _SPEN 00C7                       _TXEN 04C5  
                     _SYNC 04C4                       u1_20 001C                       u1_21 001B  
                     u2_20 003A                       u2_21 0039                       u3_20 003F  
                     u3_21 003E                       u4_20 0056                       u4_21 0055  
                     _main 007E                       btemp 007E                       start 000C  
                    ??_isr 0073                      ?_main 0070                      _ANSEL 0188  
                    _IRCF0 047C                      _IRCF1 047D                      _IRCF2 047E  
               _Config_ADC 005E                      i1l233 00FE                      i1l167 00B4  
                    i1l911 0016                      i1l841 00AB                      i1l913 001C  
                    i1l921 0034                      i1l843 00B0                      i1l931 004E  
                    i1l923 003A                      i1l915 001D                      i1l845 00B3  
                    i1l837 009C                      i1l933 004F                      i1l925 003F  
                    i1l917 0026                      i1l839 00A7                      i1l927 0045  
                    i1l935 0052                      i1l919 002B                      i1l849 00FA  
                    i1l937 0056                      i1l929 0048                      u20_27 0028  
                    u21_27 00AD                      _SPBRG 0099                      _PORTA 0005  
                    _PORTB 0006                      _PORTC 0007                      _PORTD 0008  
                    _PORTE 0009                      _TRISA 0085                      _TRISB 0086  
                    _TRISC 0087                      _TRISD 0088                      _TRISE 0089  
                    _SSPIF 0063                      _TXREG 0019                      _temp1 0077  
                    pclath 000A                      status 0003                      wtemp0 007E  
     __end_of_Config_USART 00DF            __initialization 000F                 _Init_Slave 00B5  
             __end_of_main 009B                     ??_main 0077                     _ADRESH 001E  
                   _ANSELH 0189                     _INTCON 000B                     _TRISC3 043B  
                   _TRISC5 043D                     _SSPCON 0014                     _SSPBUF 0013  
 __end_of_Config_Oscilador 00F9                     _config 00DF         __size_of_Valor_ADC 001A  
              ?_Config_ADC 0070                     saved_w 007E           __end_of_spiWrite 00FF  
  __end_of__initialization 0012             __pcstackCOMMON 0070                ?_Init_Slave 0070  
    __size_of_Config_USART 0013          __end_of_Valor_ADC 00B5        __size_of_Config_ADC 0020  
               __pmaintext 007E                 __pintentry 0004                    ?_config 0070  
             _Config_USART 00CC        __size_of_Init_Slave 0017                    _SSPSTAT 0094  
                  _V_ADC_0 0079                    _V_ADC_1 0078                  ?_spiWrite 0070  
            Valor_ADC@temp 0072            __size_of_config 0012                    __ptext1 00DF  
                  __ptext2 00B5                    __ptext3 00CC                    __ptext4 00F1  
                  __ptext5 005E                    __ptext6 0016                    __ptext7 00F9  
                  __ptext8 009B               __size_of_isr 0048       end_of_initialization 0012  
               ??_spiWrite 0070          ?_Config_Oscilador 0070                  _PORTCbits 0007  
       ??_Config_Oscilador 0076               ??_Config_ADC 0076                  _TRISAbits 0085  
              spiWrite@dat 0070         __end_of_Config_ADC 007E               ??_Init_Slave 0076  
           __end_of_config 00F1        start_initialization 000F                __end_of_isr 005E  
       __end_of_Init_Slave 00CC                  _Valor_ADC 009B                   ??_config 0076  
              __pbssCOMMON 0077                  ___latbits 0002                 ?_Valor_ADC 0070  
        __size_of_spiWrite 0006          interrupt_function 0004                   _PIE1bits 008C  
                 _PIR1bits 000C                 _ADCON0bits 001F                 _ADCON1bits 009F  
__size_of_Config_Oscilador 0008                ??_Valor_ADC 0070             Valor_ADC@canal 0071  
            __size_of_main 001D                   _spiWrite 00F9                 _INTCONbits 000B  
            ?_Config_USART 0070                   intlevel1 0000             ??_Config_USART 0076  
         _Config_Oscilador 00F1                 _SSPCONbits 0014  
